2024-03-26 20:32:27.619 [info] Extension host with pid 565 started
2024-03-26 20:32:27.634 [error] Error: EEXIST: file already exists, open '/home/sachio/.vscode-server/data/User/workspaceStorage/daeb2737d6f53d850bc7d29e1c06be5b/vscode.lock'
2024-03-26 20:32:27.744 [info] ExtensionService#_doActivateExtension HTMLHint.vscode-htmlhint, startup: false, activationEvent: 'onFileSystem:file'
2024-03-26 20:32:27.748 [info] ExtensionService#_doActivateExtension vscode.emmet, startup: false, activationEvent: 'onLanguage'
2024-03-26 20:32:27.759 [info] ExtensionService#_doActivateExtension vscode.html-language-features, startup: false, activationEvent: 'onLanguage:html'
2024-03-26 20:32:28.071 [info] Lock '/home/sachio/.vscode-server/data/User/workspaceStorage/daeb2737d6f53d850bc7d29e1c06be5b/vscode.lock': Could not acquire lock, checking if the file is stale.
2024-03-26 20:32:28.094 [info] Lock '/home/sachio/.vscode-server/data/User/workspaceStorage/daeb2737d6f53d850bc7d29e1c06be5b/vscode.lock': The pid 787 appears to be gone.
2024-03-26 20:32:28.095 [info] Lock '/home/sachio/.vscode-server/data/User/workspaceStorage/daeb2737d6f53d850bc7d29e1c06be5b/vscode.lock': Deleting a stale lock.
2024-03-26 20:32:28.116 [info] Lock '/home/sachio/.vscode-server/data/User/workspaceStorage/daeb2737d6f53d850bc7d29e1c06be5b/vscode.lock': Lock acquired.
2024-03-26 20:32:28.822 [info] ExtensionService#_doActivateExtension vscode.git-base, startup: true, activationEvent: '*', root cause: vscode.git
2024-03-26 20:32:28.823 [info] ExtensionService#_doActivateExtension mosapride.zenkaku, startup: true, activationEvent: '*'
2024-03-26 20:32:28.850 [info] ExtensionService#_doActivateExtension oderwat.indent-rainbow, startup: true, activationEvent: '*'
2024-03-26 20:32:29.156 [info] ExtensionService#_doActivateExtension vscode.git, startup: true, activationEvent: '*'
2024-03-26 20:32:29.184 [info] ExtensionService#_doActivateExtension vscode.github, startup: true, activationEvent: '*'
2024-03-26 20:32:30.185 [info] Eager extensions activated
2024-03-26 20:32:30.185 [info] ExtensionService#_doActivateExtension vscode.debug-auto-launch, startup: false, activationEvent: 'onStartupFinished'
2024-03-26 20:32:30.186 [info] ExtensionService#_doActivateExtension vscode.merge-conflict, startup: false, activationEvent: 'onStartupFinished'
2024-03-26 20:32:30.186 [info] ExtensionService#_doActivateExtension esbenp.prettier-vscode, startup: false, activationEvent: 'onStartupFinished'
2024-03-26 20:32:30.187 [info] ExtensionService#_doActivateExtension ionutvmi.path-autocomplete, startup: false, activationEvent: 'onStartupFinished'
2024-03-26 20:32:30.187 [info] ExtensionService#_doActivateExtension ritwickdey.LiveServer, startup: false, activationEvent: 'onStartupFinished'
2024-03-26 20:32:30.188 [info] ExtensionService#_doActivateExtension shardulm94.trailing-spaces, startup: false, activationEvent: 'onStartupFinished'
2024-03-26 20:32:30.189 [info] ExtensionService#_doActivateExtension streetsidesoftware.code-spell-checker, startup: false, activationEvent: 'onStartupFinished'
