2024-03-14 23:02:50.012 [info] Extension host with pid 4167 started
2024-03-14 23:02:50.012 [error] Error: EEXIST: file already exists, open '/home/sachio/.vscode-server/data/User/workspaceStorage/f72b794f076998922e522d9aaf626a3d/vscode.lock'
2024-03-14 23:02:50.043 [info] Lock '/home/sachio/.vscode-server/data/User/workspaceStorage/f72b794f076998922e522d9aaf626a3d/vscode.lock': Could not acquire lock, checking if the file is stale.
2024-03-14 23:02:50.058 [info] Lock '/home/sachio/.vscode-server/data/User/workspaceStorage/f72b794f076998922e522d9aaf626a3d/vscode.lock': The lock does not look stale, elapsed: 233 ms, giving up.
2024-03-14 23:02:50.135 [info] ExtensionService#_doActivateExtension HTMLHint.vscode-htmlhint, startup: false, activationEvent: 'onFileSystem:file'
2024-03-14 23:02:50.137 [info] ExtensionService#_doActivateExtension vscode.emmet, startup: false, activationEvent: 'onLanguage'
2024-03-14 23:02:50.492 [info] Lock '/home/sachio/.vscode-server/data/User/workspaceStorage/f72b794f076998922e522d9aaf626a3d-1/vscode.lock': Lock acquired.
2024-03-14 23:02:50.682 [info] ExtensionService#_doActivateExtension vscode.git-base, startup: true, activationEvent: '*', root cause: vscode.git
2024-03-14 23:02:50.683 [info] ExtensionService#_doActivateExtension mosapride.zenkaku, startup: true, activationEvent: '*'
2024-03-14 23:02:50.683 [info] ExtensionService#_doActivateExtension oderwat.indent-rainbow, startup: true, activationEvent: '*'
2024-03-14 23:02:50.766 [info] ExtensionService#_doActivateExtension vscode.git, startup: true, activationEvent: '*'
2024-03-14 23:02:50.777 [info] ExtensionService#_doActivateExtension vscode.github, startup: true, activationEvent: '*'
2024-03-14 23:02:51.562 [info] Eager extensions activated
2024-03-14 23:02:51.563 [info] ExtensionService#_doActivateExtension vscode.debug-auto-launch, startup: false, activationEvent: 'onStartupFinished'
2024-03-14 23:02:51.563 [info] ExtensionService#_doActivateExtension vscode.merge-conflict, startup: false, activationEvent: 'onStartupFinished'
2024-03-14 23:02:51.564 [info] ExtensionService#_doActivateExtension esbenp.prettier-vscode, startup: false, activationEvent: 'onStartupFinished'
2024-03-14 23:02:51.565 [info] ExtensionService#_doActivateExtension ionutvmi.path-autocomplete, startup: false, activationEvent: 'onStartupFinished'
2024-03-14 23:02:51.565 [info] ExtensionService#_doActivateExtension ritwickdey.LiveServer, startup: false, activationEvent: 'onStartupFinished'
2024-03-14 23:02:51.565 [info] ExtensionService#_doActivateExtension shardulm94.trailing-spaces, startup: false, activationEvent: 'onStartupFinished'
2024-03-14 23:02:51.566 [info] ExtensionService#_doActivateExtension streetsidesoftware.code-spell-checker, startup: false, activationEvent: 'onStartupFinished'
2024-03-14 23:02:52.315 [info] ExtensionService#_doActivateExtension vscode.json-language-features, startup: false, activationEvent: 'onLanguage:jsonc'
2024-03-14 23:02:52.342 [info] ExtensionService#_doActivateExtension vscode.typescript-language-features, startup: false, activationEvent: 'onLanguage:jsonc'
2024-03-14 23:03:11.594 [info] Extension host terminating: received terminate message from renderer
2024-03-14 23:03:11.595 [info] Lock '/home/sachio/.vscode-server/data/User/workspaceStorage/f72b794f076998922e522d9aaf626a3d-1/vscode.lock': Marking the lockfile as scheduled to be released in 6000 ms.
2024-03-14 23:03:11.721 [info] Extension host with pid 4167 exiting with code 0
