2024-03-20 21:44:54.757 [info] ログ レベル: Info
2024-03-20 21:44:54.763 [info] Git の検証が検出されました: "git"
2024-03-20 21:44:54.763 [info] "git" から Git "2.34.1" を使用しています
2024-03-20 21:44:54.763 [info] > git rev-parse --show-toplevel [440ms]
2024-03-20 21:44:54.763 [info] > git rev-parse --git-dir --git-common-dir [129ms]
2024-03-20 21:44:54.763 [info] Open repository: /home/sachio/coachtech
2024-03-20 21:44:54.837 [info] > git rev-parse --show-toplevel [50ms]
2024-03-20 21:44:54.838 [info] > git config --get commit.template [63ms]
2024-03-20 21:44:54.886 [info] > git rev-parse --show-toplevel [33ms]
2024-03-20 21:44:54.906 [info] > git for-each-ref --format=%(refname)%00%(upstream:short)%00%(objectname)%00%(upstream:track)%00%(upstream:remotename)%00%(upstream:remoteref) refs/heads/main refs/remotes/main [31ms]
2024-03-20 21:44:54.941 [info] > git status -z -uall [10ms]
2024-03-20 21:44:55.000 [info] > git config --get commit.template [4ms]
2024-03-20 21:44:55.018 [info] > git for-each-ref --format=%(refname)%00%(upstream:short)%00%(objectname)%00%(upstream:track)%00%(upstream:remotename)%00%(upstream:remoteref) refs/heads/main refs/remotes/main [4ms]
2024-03-20 21:44:55.044 [info] > git status -z -uall [4ms]
2024-03-20 21:44:55.212 [info] > git show --textconv :html-css/0-11/index.html [21ms]
2024-03-20 21:44:55.213 [info] > git ls-files --stage -- /home/sachio/coachtech/html-css/0-11/index.html [6ms]
2024-03-20 21:44:55.224 [info] > git cat-file -s 03b15a98b58a82ef737faf987e220594d558ef20 [2ms]
2024-03-20 21:44:55.318 [info] > git check-ignore -v -z --stdin [3ms]
2024-03-20 21:46:27.532 [info] > git show --textconv :README.md [349ms]
2024-03-20 21:46:27.535 [info] > git ls-files --stage -- /home/sachio/coachtech/README.md [342ms]
2024-03-20 21:46:27.579 [info] > git cat-file -s c97a23babf5ace1639f3396a992b4f88f906696e [5ms]
2024-03-20 21:46:28.692 [info] > git show --textconv :html-css/index.html [28ms]
2024-03-20 21:46:28.694 [info] > git ls-files --stage -- /home/sachio/coachtech/html-css/index.html [11ms]
2024-03-20 21:46:28.740 [info] > git cat-file -s 90581f34fc59c174e3b1184f8376456a332b7ef8 [27ms]
2024-03-20 21:47:21.075 [info] > git check-ignore -v -z --stdin [7ms]
2024-03-20 21:47:44.675 [info] > git check-ignore -v -z --stdin [3ms]
2024-03-20 21:48:04.238 [info] > git for-each-ref --format=%(refname)%00%(upstream:short)%00%(objectname)%00%(upstream:track)%00%(upstream:remotename)%00%(upstream:remoteref) refs/heads/main refs/remotes/main [3ms]
2024-03-20 21:48:04.240 [info] > git config --get commit.template [24ms]
2024-03-20 21:48:04.252 [info] > git status -z -uall [2ms]
2024-03-20 21:48:09.291 [info] > git config --get commit.template [5ms]
2024-03-20 21:48:09.302 [info] > git for-each-ref --format=%(refname)%00%(upstream:short)%00%(objectname)%00%(upstream:track)%00%(upstream:remotename)%00%(upstream:remoteref) refs/heads/main refs/remotes/main [2ms]
2024-03-20 21:48:09.311 [info] > git status -z -uall [1ms]
2024-03-20 21:48:30.825 [info] > git show --textconv :html-css/20240320_okuizumi/index.hteml [13ms]
2024-03-20 21:48:30.831 [info] > git ls-files --stage -- /home/sachio/coachtech/html-css/20240320_okuizumi/index.hteml [10ms]
2024-03-20 21:48:31.175 [info] > git check-ignore -v -z --stdin [12ms]
2024-03-20 21:48:31.709 [info] > git config --get commit.template [3ms]
2024-03-20 21:48:31.726 [info] > git for-each-ref --format=%(refname)%00%(upstream:short)%00%(objectname)%00%(upstream:track)%00%(upstream:remotename)%00%(upstream:remoteref) refs/heads/main refs/remotes/main [1ms]
2024-03-20 21:48:31.737 [info] > git status -z -uall [2ms]
2024-03-20 21:48:39.444 [info] > git show --textconv :html-css/20240320_okuizumi/index.html [16ms]
2024-03-20 21:48:39.445 [info] > git ls-files --stage -- /home/sachio/coachtech/html-css/20240320_okuizumi/index.html [4ms]
2024-03-20 21:48:39.775 [info] > git check-ignore -v -z --stdin [7ms]
2024-03-20 21:48:40.226 [info] > git config --get commit.template [5ms]
2024-03-20 21:48:40.259 [info] > git for-each-ref --format=%(refname)%00%(upstream:short)%00%(objectname)%00%(upstream:track)%00%(upstream:remotename)%00%(upstream:remoteref) refs/heads/main refs/remotes/main [3ms]
2024-03-20 21:48:40.275 [info] > git status -z -uall [2ms]
2024-03-20 21:51:17.300 [info] > git config --get commit.template [14ms]
2024-03-20 21:51:17.301 [info] > git for-each-ref --format=%(refname)%00%(upstream:short)%00%(objectname)%00%(upstream:track)%00%(upstream:remotename)%00%(upstream:remoteref) refs/heads/main refs/remotes/main [8ms]
2024-03-20 21:51:17.321 [info] > git status -z -uall [3ms]
2024-03-20 21:51:22.342 [info] > git config --get commit.template [2ms]
2024-03-20 21:51:22.357 [info] > git for-each-ref --format=%(refname)%00%(upstream:short)%00%(objectname)%00%(upstream:track)%00%(upstream:remotename)%00%(upstream:remoteref) refs/heads/main refs/remotes/main [1ms]
2024-03-20 21:51:22.374 [info] > git status -z -uall [1ms]
2024-03-20 21:51:27.391 [info] > git config --get commit.template [2ms]
2024-03-20 21:51:27.402 [info] > git for-each-ref --format=%(refname)%00%(upstream:short)%00%(objectname)%00%(upstream:track)%00%(upstream:remotename)%00%(upstream:remoteref) refs/heads/main refs/remotes/main [1ms]
2024-03-20 21:51:27.414 [info] > git status -z -uall [1ms]
2024-03-20 21:51:32.459 [info] > git config --get commit.template [16ms]
2024-03-20 21:51:32.460 [info] > git for-each-ref --format=%(refname)%00%(upstream:short)%00%(objectname)%00%(upstream:track)%00%(upstream:remotename)%00%(upstream:remoteref) refs/heads/main refs/remotes/main [2ms]
2024-03-20 21:51:32.474 [info] > git status -z -uall [1ms]
2024-03-20 21:51:37.493 [info] > git config --get commit.template [2ms]
2024-03-20 21:51:37.504 [info] > git for-each-ref --format=%(refname)%00%(upstream:short)%00%(objectname)%00%(upstream:track)%00%(upstream:remotename)%00%(upstream:remoteref) refs/heads/main refs/remotes/main [2ms]
2024-03-20 21:51:37.513 [info] > git status -z -uall [2ms]
