2024-03-24 14:52:03.342 [info] ログ レベル: Info
2024-03-24 14:52:03.342 [info] Git の検証が検出されました: "git"
2024-03-24 14:52:03.342 [info] "git" から Git "2.34.1" を使用しています
2024-03-24 14:52:03.342 [info] > git rev-parse --show-toplevel [260ms]
2024-03-24 14:52:03.342 [info] > git rev-parse --git-dir --git-common-dir [132ms]
2024-03-24 14:52:03.342 [info] Open repository: /home/sachio/coachtech
2024-03-24 14:52:03.468 [info] > git rev-parse --show-toplevel [19ms]
2024-03-24 14:52:03.469 [info] > git config --get commit.template [113ms]
2024-03-24 14:52:03.521 [info] > git rev-parse --show-toplevel [28ms]
2024-03-24 14:52:03.528 [info] > git for-each-ref --format=%(refname)%00%(upstream:short)%00%(objectname)%00%(upstream:track)%00%(upstream:remotename)%00%(upstream:remoteref) refs/heads/main refs/remotes/main [17ms]
2024-03-24 14:52:03.601 [info] > git status -z -uall [19ms]
2024-03-24 14:52:03.652 [info] > git config --get commit.template [8ms]
2024-03-24 14:52:03.671 [info] > git for-each-ref --format=%(refname)%00%(upstream:short)%00%(objectname)%00%(upstream:track)%00%(upstream:remotename)%00%(upstream:remoteref) refs/heads/main refs/remotes/main [2ms]
2024-03-24 14:52:03.696 [info] > git status -z -uall [8ms]
2024-03-24 14:52:03.890 [info] > git show --textconv :html-css/20240320_okuizumi/index.html [26ms]
2024-03-24 14:52:03.894 [info] > git ls-files --stage -- /home/sachio/coachtech/html-css/20240320_okuizumi/index.html [18ms]
2024-03-24 14:52:03.990 [info] > git check-ignore -v -z --stdin [9ms]
2024-03-24 14:52:04.386 [info] > git show --textconv :html-css/index.html [40ms]
2024-03-24 14:52:04.386 [info] > git ls-files --stage -- /home/sachio/coachtech/html-css/index.html [14ms]
2024-03-24 14:52:04.423 [info] > git cat-file -s 90581f34fc59c174e3b1184f8376456a332b7ef8 [5ms]
2024-03-24 14:52:06.808 [info] > git show --textconv :html-css/20240320_okuizumi/index.html [26ms]
2024-03-24 14:52:06.820 [info] > git ls-files --stage -- /home/sachio/coachtech/html-css/20240320_okuizumi/index.html [29ms]
2024-03-24 14:52:08.082 [info] > git show --textconv :html-css/20240320_okuizumi/index.html [17ms]
2024-03-24 14:52:08.082 [info] > git ls-files --stage -- /home/sachio/coachtech/html-css/20240320_okuizumi/index.html [3ms]
2024-03-24 14:52:13.760 [info] > git check-ignore -v -z --stdin [1ms]
2024-03-24 14:52:15.644 [info] > git check-ignore -v -z --stdin [1ms]
2024-03-24 14:52:43.012 [info] > git show --textconv :html-css/0-2/index.html [11ms]
2024-03-24 14:52:43.015 [info] > git ls-files --stage -- /home/sachio/coachtech/html-css/0-2/index.html [4ms]
2024-03-24 14:52:43.027 [info] > git cat-file -s e106c09b96b6ad6f807f39ba65f37fbdd4cbc5e8 [2ms]
2024-03-24 14:52:46.673 [info] > git show --textconv :html-css/index.html [15ms]
2024-03-24 14:52:46.674 [info] > git ls-files --stage -- /home/sachio/coachtech/html-css/index.html [3ms]
2024-03-24 14:52:46.686 [info] > git cat-file -s 90581f34fc59c174e3b1184f8376456a332b7ef8 [2ms]
2024-03-24 14:52:47.975 [info] > git ls-files --stage -- /home/sachio/coachtech/html-css/detail.html [4ms]
2024-03-24 14:52:47.990 [info] > git show --textconv :html-css/detail.html [28ms]
2024-03-24 14:52:47.992 [info] > git cat-file -s b1d12c2f8acbf657a4d1878ee6b59872b4167ffd [7ms]
2024-03-24 14:52:49.795 [info] > git show --textconv :README.md [380ms]
2024-03-24 14:52:49.795 [info] > git ls-files --stage -- /home/sachio/coachtech/README.md [346ms]
2024-03-24 14:52:49.862 [info] > git cat-file -s c97a23babf5ace1639f3396a992b4f88f906696e [53ms]
2024-03-24 14:53:14.464 [info] > git show --textconv :html-css/20240324_okuizumi_html/index.html [29ms]
2024-03-24 14:53:14.465 [info] > git ls-files --stage -- /home/sachio/coachtech/html-css/20240324_okuizumi_html/index.html [2ms]
2024-03-24 15:10:21.447 [info] > git check-ignore -v -z --stdin [5ms]
2024-03-24 15:28:21.441 [info] > git check-ignore -v -z --stdin [6ms]
