2024-03-24 14:50:52.671 [info] ログ レベル: Info
2024-03-24 14:50:52.671 [info] Git の検証が検出されました: "git"
2024-03-24 14:50:52.671 [info] "git" から Git "2.34.1" を使用しています
2024-03-24 14:50:52.671 [info] > git rev-parse --show-toplevel [332ms]
2024-03-24 14:50:52.671 [info] > git rev-parse --git-dir --git-common-dir [17ms]
2024-03-24 14:50:52.671 [info] Open repository: /home/sachio/coachtech
2024-03-24 14:50:52.739 [info] > git rev-parse --show-toplevel [18ms]
2024-03-24 14:50:52.744 [info] > git config --get commit.template [49ms]
2024-03-24 14:50:52.788 [info] > git for-each-ref --format=%(refname)%00%(upstream:short)%00%(objectname)%00%(upstream:track)%00%(upstream:remotename)%00%(upstream:remoteref) refs/heads/main refs/remotes/main [6ms]
2024-03-24 14:50:52.822 [info] > git status -z -uall [9ms]
2024-03-24 14:50:52.913 [info] > git config --get commit.template [4ms]
2024-03-24 14:50:52.956 [info] > git for-each-ref --format=%(refname)%00%(upstream:short)%00%(objectname)%00%(upstream:track)%00%(upstream:remotename)%00%(upstream:remoteref) refs/heads/main refs/remotes/main [7ms]
2024-03-24 14:50:52.989 [info] > git status -z -uall [2ms]
2024-03-24 14:50:53.246 [info] > git check-ignore -v -z --stdin [1ms]
2024-03-24 14:50:53.925 [info] > git show --textconv :html-css/0-11/detail.html [19ms]
2024-03-24 14:50:53.928 [info] > git ls-files --stage -- /home/sachio/coachtech/html-css/0-11/detail.html [5ms]
2024-03-24 14:50:53.955 [info] > git cat-file -s 4b9c74a6bb281c3c4adc778bb96831cf4f854061 [1ms]
2024-03-24 14:51:19.654 [info] > git show --textconv :html-css/20240320_okuizumi/index.html [12ms]
2024-03-24 14:51:19.661 [info] > git ls-files --stage -- /home/sachio/coachtech/html-css/20240320_okuizumi/index.html [10ms]
2024-03-24 14:51:20.496 [info] > git config --get commit.template [3ms]
2024-03-24 14:51:20.511 [info] > git for-each-ref --format=%(refname)%00%(upstream:short)%00%(objectname)%00%(upstream:track)%00%(upstream:remotename)%00%(upstream:remoteref) refs/heads/main refs/remotes/main [3ms]
2024-03-24 14:51:20.523 [info] > git status -z -uall [2ms]
2024-03-24 14:51:25.193 [info] > git show --textconv :html-css/0-11/detail.html [42ms]
2024-03-24 14:51:25.197 [info] > git ls-files --stage -- /home/sachio/coachtech/html-css/0-11/detail.html [11ms]
2024-03-24 14:51:25.376 [info] > git cat-file -s 4b9c74a6bb281c3c4adc778bb96831cf4f854061 [164ms]
