2024-03-24 09:24:16.609 [info] ログ レベル: Info
2024-03-24 09:24:16.609 [info] Git の検証が検出されました: "git"
2024-03-24 09:24:16.609 [info] "git" から Git "2.34.1" を使用しています
2024-03-24 09:24:16.609 [info] > git rev-parse --show-toplevel [368ms]
2024-03-24 09:24:16.611 [info] > git rev-parse --git-dir --git-common-dir [183ms]
2024-03-24 09:24:16.661 [info] Open repository: /home/sachio/coachtech
2024-03-24 09:24:16.790 [info] > git config --get commit.template [40ms]
2024-03-24 09:24:16.887 [info] > git rev-parse --show-toplevel [100ms]
2024-03-24 09:24:16.928 [info] > git rev-parse --show-toplevel [21ms]
2024-03-24 09:24:16.980 [info] > git for-each-ref --format=%(refname)%00%(upstream:short)%00%(objectname)%00%(upstream:track)%00%(upstream:remotename)%00%(upstream:remoteref) refs/heads/main refs/remotes/main [107ms]
2024-03-24 09:24:17.048 [info] > git status -z -uall [29ms]
2024-03-24 09:24:17.117 [info] > git for-each-ref --format=%(refname)%00%(upstream:short)%00%(objectname)%00%(upstream:track)%00%(upstream:remotename)%00%(upstream:remoteref) refs/heads/main refs/remotes/main [2ms]
2024-03-24 09:24:17.118 [info] > git config --get commit.template [26ms]
2024-03-24 09:24:17.184 [info] > git status -z -uall [45ms]
2024-03-24 09:24:17.546 [info] > git show --textconv :html-css/20240320_okuizumi/index.html [18ms]
2024-03-24 09:24:17.558 [info] > git ls-files --stage -- /home/sachio/coachtech/html-css/20240320_okuizumi/index.html [14ms]
2024-03-24 09:24:17.748 [info] > git check-ignore -v -z --stdin [1ms]
2024-03-24 09:28:00.829 [info] > git show --textconv :html-css/20240320_okuizumi/detail.html [8ms]
2024-03-24 09:28:00.833 [info] > git ls-files --stage -- /home/sachio/coachtech/html-css/20240320_okuizumi/detail.html [4ms]
2024-03-24 09:28:01.045 [info] > git check-ignore -v -z --stdin [3ms]
2024-03-24 09:28:01.752 [info] > git config --get commit.template [14ms]
2024-03-24 09:28:01.753 [info] > git for-each-ref --format=%(refname)%00%(upstream:short)%00%(objectname)%00%(upstream:track)%00%(upstream:remotename)%00%(upstream:remoteref) refs/heads/main refs/remotes/main [4ms]
2024-03-24 09:28:01.768 [info] > git status -z -uall [2ms]
2024-03-24 09:28:03.700 [info] > git show --textconv :html-css/20240320_okuizumi/index.html [16ms]
2024-03-24 09:28:03.704 [info] > git ls-files --stage -- /home/sachio/coachtech/html-css/20240320_okuizumi/index.html [10ms]
2024-03-24 09:28:25.688 [info] > git config --get commit.template [3ms]
2024-03-24 09:28:25.711 [info] > git for-each-ref --format=%(refname)%00%(upstream:short)%00%(objectname)%00%(upstream:track)%00%(upstream:remotename)%00%(upstream:remoteref) refs/heads/main refs/remotes/main [2ms]
2024-03-24 09:28:25.730 [info] > git status -z -uall [2ms]
2024-03-24 09:28:30.779 [info] > git config --get commit.template [15ms]
2024-03-24 09:28:30.779 [info] > git for-each-ref --format=%(refname)%00%(upstream:short)%00%(objectname)%00%(upstream:track)%00%(upstream:remotename)%00%(upstream:remoteref) refs/heads/main refs/remotes/main [2ms]
2024-03-24 09:28:30.791 [info] > git status -z -uall [2ms]
2024-03-24 09:28:37.692 [info] > git config --get commit.template [13ms]
2024-03-24 09:28:37.692 [info] > git for-each-ref --format=%(refname)%00%(upstream:short)%00%(objectname)%00%(upstream:track)%00%(upstream:remotename)%00%(upstream:remoteref) refs/heads/main refs/remotes/main [2ms]
2024-03-24 09:28:37.702 [info] > git status -z -uall [1ms]
2024-03-24 09:28:42.760 [info] > git config --get commit.template [2ms]
2024-03-24 09:28:42.769 [info] > git for-each-ref --format=%(refname)%00%(upstream:short)%00%(objectname)%00%(upstream:track)%00%(upstream:remotename)%00%(upstream:remoteref) refs/heads/main refs/remotes/main [1ms]
2024-03-24 09:28:42.780 [info] > git status -z -uall [1ms]
2024-03-24 09:28:47.835 [info] > git for-each-ref --format=%(refname)%00%(upstream:short)%00%(objectname)%00%(upstream:track)%00%(upstream:remotename)%00%(upstream:remoteref) refs/heads/main refs/remotes/main [2ms]
2024-03-24 09:28:47.837 [info] > git config --get commit.template [14ms]
2024-03-24 09:28:47.848 [info] > git status -z -uall [1ms]
2024-03-24 09:29:09.874 [info] > git config --get commit.template [20ms]
2024-03-24 09:29:09.875 [info] > git for-each-ref --format=%(refname)%00%(upstream:short)%00%(objectname)%00%(upstream:track)%00%(upstream:remotename)%00%(upstream:remoteref) refs/heads/main refs/remotes/main [4ms]
2024-03-24 09:29:09.888 [info] > git status -z -uall [2ms]
2024-03-24 09:29:14.912 [info] > git config --get commit.template [2ms]
2024-03-24 09:29:14.921 [info] > git for-each-ref --format=%(refname)%00%(upstream:short)%00%(objectname)%00%(upstream:track)%00%(upstream:remotename)%00%(upstream:remoteref) refs/heads/main refs/remotes/main [1ms]
2024-03-24 09:29:14.933 [info] > git status -z -uall [1ms]
2024-03-24 09:29:19.957 [info] > git config --get commit.template [5ms]
2024-03-24 09:29:19.973 [info] > git for-each-ref --format=%(refname)%00%(upstream:short)%00%(objectname)%00%(upstream:track)%00%(upstream:remotename)%00%(upstream:remoteref) refs/heads/main refs/remotes/main [4ms]
2024-03-24 09:29:19.989 [info] > git status -z -uall [3ms]
2024-03-24 09:29:25.008 [info] > git config --get commit.template [2ms]
2024-03-24 09:29:25.020 [info] > git for-each-ref --format=%(refname)%00%(upstream:short)%00%(objectname)%00%(upstream:track)%00%(upstream:remotename)%00%(upstream:remoteref) refs/heads/main refs/remotes/main [2ms]
2024-03-24 09:29:25.033 [info] > git status -z -uall [2ms]
2024-03-24 09:29:30.059 [info] > git config --get commit.template [1ms]
2024-03-24 09:29:30.072 [info] > git for-each-ref --format=%(refname)%00%(upstream:short)%00%(objectname)%00%(upstream:track)%00%(upstream:remotename)%00%(upstream:remoteref) refs/heads/main refs/remotes/main [1ms]
2024-03-24 09:29:30.087 [info] > git status -z -uall [1ms]
2024-03-24 09:29:35.124 [info] > git config --get commit.template [2ms]
2024-03-24 09:29:35.138 [info] > git for-each-ref --format=%(refname)%00%(upstream:short)%00%(objectname)%00%(upstream:track)%00%(upstream:remotename)%00%(upstream:remoteref) refs/heads/main refs/remotes/main [2ms]
2024-03-24 09:29:35.151 [info] > git status -z -uall [1ms]
2024-03-24 09:29:40.718 [info] > git config --get commit.template [14ms]
2024-03-24 09:29:40.719 [info] > git for-each-ref --format=%(refname)%00%(upstream:short)%00%(objectname)%00%(upstream:track)%00%(upstream:remotename)%00%(upstream:remoteref) refs/heads/main refs/remotes/main [2ms]
2024-03-24 09:29:40.733 [info] > git status -z -uall [1ms]
2024-03-24 09:29:45.785 [info] > git config --get commit.template [15ms]
2024-03-24 09:29:45.786 [info] > git for-each-ref --format=%(refname)%00%(upstream:short)%00%(objectname)%00%(upstream:track)%00%(upstream:remotename)%00%(upstream:remoteref) refs/heads/main refs/remotes/main [2ms]
2024-03-24 09:29:45.798 [info] > git status -z -uall [1ms]
2024-03-24 09:29:50.852 [info] > git config --get commit.template [13ms]
2024-03-24 09:29:50.852 [info] > git for-each-ref --format=%(refname)%00%(upstream:short)%00%(objectname)%00%(upstream:track)%00%(upstream:remotename)%00%(upstream:remoteref) refs/heads/main refs/remotes/main [1ms]
2024-03-24 09:29:50.865 [info] > git status -z -uall [1ms]
2024-03-24 09:29:58.206 [info] > git config --get commit.template [16ms]
2024-03-24 09:29:58.207 [info] > git for-each-ref --format=%(refname)%00%(upstream:short)%00%(objectname)%00%(upstream:track)%00%(upstream:remotename)%00%(upstream:remoteref) refs/heads/main refs/remotes/main [3ms]
2024-03-24 09:29:58.223 [info] > git status -z -uall [1ms]
2024-03-24 09:30:03.253 [info] > git config --get commit.template [13ms]
2024-03-24 09:30:03.254 [info] > git for-each-ref --format=%(refname)%00%(upstream:short)%00%(objectname)%00%(upstream:track)%00%(upstream:remotename)%00%(upstream:remoteref) refs/heads/main refs/remotes/main [2ms]
2024-03-24 09:30:03.271 [info] > git status -z -uall [2ms]
2024-03-24 09:35:09.655 [info] > git config --get commit.template [2ms]
2024-03-24 09:35:09.666 [info] > git for-each-ref --format=%(refname)%00%(upstream:short)%00%(objectname)%00%(upstream:track)%00%(upstream:remotename)%00%(upstream:remoteref) refs/heads/main refs/remotes/main [4ms]
2024-03-24 09:35:09.676 [info] > git status -z -uall [2ms]
2024-03-24 09:35:14.716 [info] > git config --get commit.template [11ms]
2024-03-24 09:35:14.717 [info] > git for-each-ref --format=%(refname)%00%(upstream:short)%00%(objectname)%00%(upstream:track)%00%(upstream:remotename)%00%(upstream:remoteref) refs/heads/main refs/remotes/main [2ms]
2024-03-24 09:35:14.727 [info] > git status -z -uall [1ms]
2024-03-24 09:35:19.767 [info] > git config --get commit.template [4ms]
2024-03-24 09:35:19.783 [info] > git for-each-ref --format=%(refname)%00%(upstream:short)%00%(objectname)%00%(upstream:track)%00%(upstream:remotename)%00%(upstream:remoteref) refs/heads/main refs/remotes/main [1ms]
2024-03-24 09:35:19.800 [info] > git status -z -uall [3ms]
2024-03-24 09:35:24.818 [info] > git config --get commit.template [2ms]
2024-03-24 09:35:24.829 [info] > git for-each-ref --format=%(refname)%00%(upstream:short)%00%(objectname)%00%(upstream:track)%00%(upstream:remotename)%00%(upstream:remoteref) refs/heads/main refs/remotes/main [2ms]
2024-03-24 09:35:24.841 [info] > git status -z -uall [1ms]
2024-03-24 09:35:29.860 [info] > git config --get commit.template [1ms]
2024-03-24 09:35:29.872 [info] > git for-each-ref --format=%(refname)%00%(upstream:short)%00%(objectname)%00%(upstream:track)%00%(upstream:remotename)%00%(upstream:remoteref) refs/heads/main refs/remotes/main [2ms]
2024-03-24 09:35:29.882 [info] > git status -z -uall [1ms]
2024-03-24 09:35:34.906 [info] > git config --get commit.template [2ms]
2024-03-24 09:35:34.917 [info] > git for-each-ref --format=%(refname)%00%(upstream:short)%00%(objectname)%00%(upstream:track)%00%(upstream:remotename)%00%(upstream:remoteref) refs/heads/main refs/remotes/main [1ms]
2024-03-24 09:35:34.930 [info] > git status -z -uall [1ms]
2024-03-24 09:35:39.955 [info] > git config --get commit.template [12ms]
2024-03-24 09:35:39.956 [info] > git for-each-ref --format=%(refname)%00%(upstream:short)%00%(objectname)%00%(upstream:track)%00%(upstream:remotename)%00%(upstream:remoteref) refs/heads/main refs/remotes/main [2ms]
2024-03-24 09:35:39.968 [info] > git status -z -uall [2ms]
2024-03-24 09:36:29.023 [info] > git config --get commit.template [10ms]
2024-03-24 09:36:29.024 [info] > git for-each-ref --format=%(refname)%00%(upstream:short)%00%(objectname)%00%(upstream:track)%00%(upstream:remotename)%00%(upstream:remoteref) refs/heads/main refs/remotes/main [2ms]
2024-03-24 09:36:29.034 [info] > git status -z -uall [1ms]
2024-03-24 09:36:38.553 [info] > git config --get commit.template [1ms]
2024-03-24 09:36:38.565 [info] > git for-each-ref --format=%(refname)%00%(upstream:short)%00%(objectname)%00%(upstream:track)%00%(upstream:remotename)%00%(upstream:remoteref) refs/heads/main refs/remotes/main [1ms]
2024-03-24 09:36:38.577 [info] > git status -z -uall [1ms]
2024-03-24 09:36:48.951 [info] > git config --get commit.template [3ms]
2024-03-24 09:36:48.963 [info] > git for-each-ref --format=%(refname)%00%(upstream:short)%00%(objectname)%00%(upstream:track)%00%(upstream:remotename)%00%(upstream:remoteref) refs/heads/main refs/remotes/main [1ms]
2024-03-24 09:36:48.974 [info] > git status -z -uall [2ms]
2024-03-24 09:36:53.995 [info] > git config --get commit.template [3ms]
2024-03-24 09:36:54.007 [info] > git for-each-ref --format=%(refname)%00%(upstream:short)%00%(objectname)%00%(upstream:track)%00%(upstream:remotename)%00%(upstream:remoteref) refs/heads/main refs/remotes/main [1ms]
2024-03-24 09:36:54.019 [info] > git status -z -uall [2ms]
2024-03-24 09:37:16.325 [info] > git config --get commit.template [18ms]
2024-03-24 09:37:16.326 [info] > git for-each-ref --format=%(refname)%00%(upstream:short)%00%(objectname)%00%(upstream:track)%00%(upstream:remotename)%00%(upstream:remoteref) refs/heads/main refs/remotes/main [2ms]
2024-03-24 09:37:16.337 [info] > git status -z -uall [1ms]
2024-03-24 09:37:21.385 [info] > git config --get commit.template [14ms]
2024-03-24 09:37:21.386 [info] > git for-each-ref --format=%(refname)%00%(upstream:short)%00%(objectname)%00%(upstream:track)%00%(upstream:remotename)%00%(upstream:remoteref) refs/heads/main refs/remotes/main [2ms]
2024-03-24 09:37:21.400 [info] > git status -z -uall [2ms]
2024-03-24 09:37:26.446 [info] > git config --get commit.template [14ms]
2024-03-24 09:37:26.448 [info] > git for-each-ref --format=%(refname)%00%(upstream:short)%00%(objectname)%00%(upstream:track)%00%(upstream:remotename)%00%(upstream:remoteref) refs/heads/main refs/remotes/main [3ms]
2024-03-24 09:37:26.462 [info] > git status -z -uall [2ms]
2024-03-24 09:37:31.498 [info] > git config --get commit.template [2ms]
2024-03-24 09:37:31.512 [info] > git for-each-ref --format=%(refname)%00%(upstream:short)%00%(objectname)%00%(upstream:track)%00%(upstream:remotename)%00%(upstream:remoteref) refs/heads/main refs/remotes/main [1ms]
2024-03-24 09:37:31.531 [info] > git status -z -uall [10ms]
2024-03-24 09:37:41.429 [info] > git config --get commit.template [2ms]
2024-03-24 09:37:41.443 [info] > git for-each-ref --format=%(refname)%00%(upstream:short)%00%(objectname)%00%(upstream:track)%00%(upstream:remotename)%00%(upstream:remoteref) refs/heads/main refs/remotes/main [2ms]
2024-03-24 09:37:41.458 [info] > git status -z -uall [1ms]
2024-03-24 09:37:46.496 [info] > git config --get commit.template [11ms]
2024-03-24 09:37:46.497 [info] > git for-each-ref --format=%(refname)%00%(upstream:short)%00%(objectname)%00%(upstream:track)%00%(upstream:remotename)%00%(upstream:remoteref) refs/heads/main refs/remotes/main [2ms]
2024-03-24 09:37:46.509 [info] > git status -z -uall [2ms]
2024-03-24 09:37:51.567 [info] > git config --get commit.template [18ms]
2024-03-24 09:37:51.567 [info] > git for-each-ref --format=%(refname)%00%(upstream:short)%00%(objectname)%00%(upstream:track)%00%(upstream:remotename)%00%(upstream:remoteref) refs/heads/main refs/remotes/main [2ms]
2024-03-24 09:37:51.580 [info] > git status -z -uall [1ms]
2024-03-24 09:37:56.687 [info] > git config --get commit.template [14ms]
2024-03-24 09:37:56.689 [info] > git for-each-ref --format=%(refname)%00%(upstream:short)%00%(objectname)%00%(upstream:track)%00%(upstream:remotename)%00%(upstream:remoteref) refs/heads/main refs/remotes/main [3ms]
2024-03-24 09:37:56.722 [info] > git status -z -uall [16ms]
2024-03-24 09:38:01.762 [info] > git config --get commit.template [12ms]
2024-03-24 09:38:01.763 [info] > git for-each-ref --format=%(refname)%00%(upstream:short)%00%(objectname)%00%(upstream:track)%00%(upstream:remotename)%00%(upstream:remoteref) refs/heads/main refs/remotes/main [2ms]
2024-03-24 09:38:01.773 [info] > git status -z -uall [1ms]
2024-03-24 09:38:08.485 [info] > git config --get commit.template [11ms]
2024-03-24 09:38:08.486 [info] > git for-each-ref --format=%(refname)%00%(upstream:short)%00%(objectname)%00%(upstream:track)%00%(upstream:remotename)%00%(upstream:remoteref) refs/heads/main refs/remotes/main [2ms]
2024-03-24 09:38:08.496 [info] > git status -z -uall [1ms]
2024-03-24 09:38:13.625 [info] > git config --get commit.template [13ms]
2024-03-24 09:38:13.625 [info] > git for-each-ref --format=%(refname)%00%(upstream:short)%00%(objectname)%00%(upstream:track)%00%(upstream:remotename)%00%(upstream:remoteref) refs/heads/main refs/remotes/main [1ms]
2024-03-24 09:38:13.637 [info] > git status -z -uall [1ms]
2024-03-24 09:38:21.145 [info] > git config --get commit.template [3ms]
2024-03-24 09:38:21.161 [info] > git for-each-ref --format=%(refname)%00%(upstream:short)%00%(objectname)%00%(upstream:track)%00%(upstream:remotename)%00%(upstream:remoteref) refs/heads/main refs/remotes/main [2ms]
2024-03-24 09:38:21.178 [info] > git status -z -uall [3ms]
2024-03-24 09:38:26.330 [info] > git config --get commit.template [13ms]
2024-03-24 09:38:26.330 [info] > git for-each-ref --format=%(refname)%00%(upstream:short)%00%(objectname)%00%(upstream:track)%00%(upstream:remotename)%00%(upstream:remoteref) refs/heads/main refs/remotes/main [1ms]
2024-03-24 09:38:26.343 [info] > git status -z -uall [2ms]
2024-03-24 09:38:31.373 [info] > git config --get commit.template [1ms]
2024-03-24 09:38:31.387 [info] > git for-each-ref --format=%(refname)%00%(upstream:short)%00%(objectname)%00%(upstream:track)%00%(upstream:remotename)%00%(upstream:remoteref) refs/heads/main refs/remotes/main [2ms]
2024-03-24 09:38:31.399 [info] > git status -z -uall [2ms]
2024-03-24 09:38:50.631 [info] > git config --get commit.template [4ms]
2024-03-24 09:38:50.644 [info] > git for-each-ref --format=%(refname)%00%(upstream:short)%00%(objectname)%00%(upstream:track)%00%(upstream:remotename)%00%(upstream:remoteref) refs/heads/main refs/remotes/main [2ms]
2024-03-24 09:38:50.656 [info] > git status -z -uall [1ms]
2024-03-24 09:38:55.699 [info] > git config --get commit.template [16ms]
2024-03-24 09:38:55.709 [info] > git for-each-ref --format=%(refname)%00%(upstream:short)%00%(objectname)%00%(upstream:track)%00%(upstream:remotename)%00%(upstream:remoteref) refs/heads/main refs/remotes/main [1ms]
2024-03-24 09:38:55.719 [info] > git status -z -uall [1ms]
2024-03-24 09:39:01.503 [info] > git config --get commit.template [15ms]
2024-03-24 09:39:01.515 [info] > git for-each-ref --format=%(refname)%00%(upstream:short)%00%(objectname)%00%(upstream:track)%00%(upstream:remotename)%00%(upstream:remoteref) refs/heads/main refs/remotes/main [1ms]
2024-03-24 09:39:01.526 [info] > git status -z -uall [1ms]
2024-03-24 09:39:06.601 [info] > git config --get commit.template [36ms]
2024-03-24 09:39:06.602 [info] > git for-each-ref --format=%(refname)%00%(upstream:short)%00%(objectname)%00%(upstream:track)%00%(upstream:remotename)%00%(upstream:remoteref) refs/heads/main refs/remotes/main [5ms]
2024-03-24 09:39:06.618 [info] > git status -z -uall [2ms]
2024-03-24 09:39:11.647 [info] > git config --get commit.template [2ms]
2024-03-24 09:39:11.659 [info] > git for-each-ref --format=%(refname)%00%(upstream:short)%00%(objectname)%00%(upstream:track)%00%(upstream:remotename)%00%(upstream:remoteref) refs/heads/main refs/remotes/main [2ms]
2024-03-24 09:39:11.671 [info] > git status -z -uall [1ms]
2024-03-24 09:39:16.713 [info] > git config --get commit.template [16ms]
2024-03-24 09:39:16.715 [info] > git for-each-ref --format=%(refname)%00%(upstream:short)%00%(objectname)%00%(upstream:track)%00%(upstream:remotename)%00%(upstream:remoteref) refs/heads/main refs/remotes/main [4ms]
2024-03-24 09:39:16.728 [info] > git status -z -uall [1ms]
2024-03-24 09:39:21.775 [info] > git config --get commit.template [13ms]
2024-03-24 09:39:21.775 [info] > git for-each-ref --format=%(refname)%00%(upstream:short)%00%(objectname)%00%(upstream:track)%00%(upstream:remotename)%00%(upstream:remoteref) refs/heads/main refs/remotes/main [2ms]
2024-03-24 09:39:21.786 [info] > git status -z -uall [1ms]
2024-03-24 09:39:37.263 [info] > git config --get commit.template [7ms]
2024-03-24 09:39:37.285 [info] > git for-each-ref --format=%(refname)%00%(upstream:short)%00%(objectname)%00%(upstream:track)%00%(upstream:remotename)%00%(upstream:remoteref) refs/heads/main refs/remotes/main [10ms]
2024-03-24 09:39:37.320 [info] > git status -z -uall [6ms]
2024-03-24 09:39:42.354 [info] > git config --get commit.template [16ms]
2024-03-24 09:39:42.355 [info] > git for-each-ref --format=%(refname)%00%(upstream:short)%00%(objectname)%00%(upstream:track)%00%(upstream:remotename)%00%(upstream:remoteref) refs/heads/main refs/remotes/main [2ms]
2024-03-24 09:39:42.373 [info] > git status -z -uall [2ms]
2024-03-24 09:39:47.935 [info] > git config --get commit.template [11ms]
2024-03-24 09:39:47.936 [info] > git for-each-ref --format=%(refname)%00%(upstream:short)%00%(objectname)%00%(upstream:track)%00%(upstream:remotename)%00%(upstream:remoteref) refs/heads/main refs/remotes/main [2ms]
2024-03-24 09:39:47.947 [info] > git status -z -uall [1ms]
2024-03-24 09:39:53.001 [info] > git config --get commit.template [16ms]
2024-03-24 09:39:53.002 [info] > git for-each-ref --format=%(refname)%00%(upstream:short)%00%(objectname)%00%(upstream:track)%00%(upstream:remotename)%00%(upstream:remoteref) refs/heads/main refs/remotes/main [3ms]
2024-03-24 09:39:53.018 [info] > git status -z -uall [2ms]
2024-03-24 09:39:58.032 [info] > git config --get commit.template [1ms]
2024-03-24 09:39:58.042 [info] > git for-each-ref --format=%(refname)%00%(upstream:short)%00%(objectname)%00%(upstream:track)%00%(upstream:remotename)%00%(upstream:remoteref) refs/heads/main refs/remotes/main [1ms]
2024-03-24 09:39:58.053 [info] > git status -z -uall [1ms]
2024-03-24 09:40:30.517 [info] > git config --get commit.template [10ms]
2024-03-24 09:40:30.518 [info] > git for-each-ref --format=%(refname)%00%(upstream:short)%00%(objectname)%00%(upstream:track)%00%(upstream:remotename)%00%(upstream:remoteref) refs/heads/main refs/remotes/main [2ms]
2024-03-24 09:40:30.534 [info] > git status -z -uall [5ms]
2024-03-24 09:41:51.946 [info] > git check-ignore -v -z --stdin [2ms]
2024-03-24 09:41:55.204 [info] > git check-ignore -v -z --stdin [2ms]
2024-03-24 09:55:43.314 [info] > git config --get commit.template [10ms]
2024-03-24 09:55:43.315 [info] > git for-each-ref --format=%(refname)%00%(upstream:short)%00%(objectname)%00%(upstream:track)%00%(upstream:remotename)%00%(upstream:remoteref) refs/heads/main refs/remotes/main [2ms]
2024-03-24 09:55:43.326 [info] > git status -z -uall [2ms]
2024-03-24 09:55:48.341 [info] > git config --get commit.template [2ms]
2024-03-24 09:55:48.351 [info] > git for-each-ref --format=%(refname)%00%(upstream:short)%00%(objectname)%00%(upstream:track)%00%(upstream:remotename)%00%(upstream:remoteref) refs/heads/main refs/remotes/main [1ms]
2024-03-24 09:55:48.367 [info] > git status -z -uall [6ms]
2024-03-24 09:55:53.383 [info] > git config --get commit.template [1ms]
2024-03-24 09:55:53.401 [info] > git for-each-ref --format=%(refname)%00%(upstream:short)%00%(objectname)%00%(upstream:track)%00%(upstream:remotename)%00%(upstream:remoteref) refs/heads/main refs/remotes/main [1ms]
2024-03-24 09:55:53.415 [info] > git status -z -uall [1ms]
2024-03-24 09:55:58.480 [info] > git config --get commit.template [18ms]
2024-03-24 09:55:58.480 [info] > git for-each-ref --format=%(refname)%00%(upstream:short)%00%(objectname)%00%(upstream:track)%00%(upstream:remotename)%00%(upstream:remoteref) refs/heads/main refs/remotes/main [2ms]
2024-03-24 09:55:58.493 [info] > git status -z -uall [2ms]
2024-03-24 09:56:03.530 [info] > git config --get commit.template [11ms]
2024-03-24 09:56:03.531 [info] > git for-each-ref --format=%(refname)%00%(upstream:short)%00%(objectname)%00%(upstream:track)%00%(upstream:remotename)%00%(upstream:remoteref) refs/heads/main refs/remotes/main [1ms]
2024-03-24 09:56:03.542 [info] > git status -z -uall [1ms]
2024-03-24 09:56:12.133 [info] > git config --get commit.template [11ms]
2024-03-24 09:56:12.134 [info] > git for-each-ref --format=%(refname)%00%(upstream:short)%00%(objectname)%00%(upstream:track)%00%(upstream:remotename)%00%(upstream:remoteref) refs/heads/main refs/remotes/main [2ms]
2024-03-24 09:56:12.145 [info] > git status -z -uall [1ms]
2024-03-24 09:56:18.992 [info] > git config --get commit.template [4ms]
2024-03-24 09:56:19.001 [info] > git for-each-ref --format=%(refname)%00%(upstream:short)%00%(objectname)%00%(upstream:track)%00%(upstream:remotename)%00%(upstream:remoteref) refs/heads/main refs/remotes/main [1ms]
2024-03-24 09:56:19.011 [info] > git status -z -uall [2ms]
2024-03-24 09:56:34.741 [info] > git config --get commit.template [22ms]
2024-03-24 09:56:34.742 [info] > git for-each-ref --format=%(refname)%00%(upstream:short)%00%(objectname)%00%(upstream:track)%00%(upstream:remotename)%00%(upstream:remoteref) refs/heads/main refs/remotes/main [2ms]
2024-03-24 09:56:34.760 [info] > git status -z -uall [1ms]
2024-03-24 09:58:01.534 [info] > git config --get commit.template [1ms]
2024-03-24 09:58:01.545 [info] > git for-each-ref --format=%(refname)%00%(upstream:short)%00%(objectname)%00%(upstream:track)%00%(upstream:remotename)%00%(upstream:remoteref) refs/heads/main refs/remotes/main [1ms]
2024-03-24 09:58:01.557 [info] > git status -z -uall [1ms]
2024-03-24 09:58:08.376 [info] > git config --get commit.template [1ms]
2024-03-24 09:58:08.387 [info] > git for-each-ref --format=%(refname)%00%(upstream:short)%00%(objectname)%00%(upstream:track)%00%(upstream:remotename)%00%(upstream:remoteref) refs/heads/main refs/remotes/main [1ms]
2024-03-24 09:58:08.401 [info] > git status -z -uall [1ms]
2024-03-24 09:58:13.451 [info] > git config --get commit.template [16ms]
2024-03-24 09:58:13.452 [info] > git for-each-ref --format=%(refname)%00%(upstream:short)%00%(objectname)%00%(upstream:track)%00%(upstream:remotename)%00%(upstream:remoteref) refs/heads/main refs/remotes/main [2ms]
2024-03-24 09:58:13.463 [info] > git status -z -uall [2ms]
2024-03-24 09:58:18.505 [info] > git config --get commit.template [14ms]
2024-03-24 09:58:18.506 [info] > git for-each-ref --format=%(refname)%00%(upstream:short)%00%(objectname)%00%(upstream:track)%00%(upstream:remotename)%00%(upstream:remoteref) refs/heads/main refs/remotes/main [3ms]
2024-03-24 09:58:18.518 [info] > git status -z -uall [1ms]
2024-03-24 10:03:45.953 [info] > git config --get commit.template [25ms]
2024-03-24 10:03:45.954 [info] > git for-each-ref --format=%(refname)%00%(upstream:short)%00%(objectname)%00%(upstream:track)%00%(upstream:remotename)%00%(upstream:remoteref) refs/heads/main refs/remotes/main [2ms]
2024-03-24 10:03:45.969 [info] > git status -z -uall [2ms]
2024-03-24 10:03:51.120 [info] > git config --get commit.template [5ms]
2024-03-24 10:03:51.134 [info] > git for-each-ref --format=%(refname)%00%(upstream:short)%00%(objectname)%00%(upstream:track)%00%(upstream:remotename)%00%(upstream:remoteref) refs/heads/main refs/remotes/main [2ms]
2024-03-24 10:03:51.145 [info] > git status -z -uall [1ms]
2024-03-24 10:03:56.178 [info] > git config --get commit.template [11ms]
2024-03-24 10:03:56.179 [info] > git for-each-ref --format=%(refname)%00%(upstream:short)%00%(objectname)%00%(upstream:track)%00%(upstream:remotename)%00%(upstream:remoteref) refs/heads/main refs/remotes/main [2ms]
2024-03-24 10:03:56.190 [info] > git status -z -uall [1ms]
2024-03-24 10:04:07.454 [info] > git config --get commit.template [4ms]
2024-03-24 10:04:07.464 [info] > git for-each-ref --format=%(refname)%00%(upstream:short)%00%(objectname)%00%(upstream:track)%00%(upstream:remotename)%00%(upstream:remoteref) refs/heads/main refs/remotes/main [1ms]
2024-03-24 10:04:07.475 [info] > git status -z -uall [3ms]
2024-03-24 10:04:12.518 [info] > git config --get commit.template [14ms]
2024-03-24 10:04:12.518 [info] > git for-each-ref --format=%(refname)%00%(upstream:short)%00%(objectname)%00%(upstream:track)%00%(upstream:remotename)%00%(upstream:remoteref) refs/heads/main refs/remotes/main [1ms]
2024-03-24 10:04:12.537 [info] > git status -z -uall [2ms]
2024-03-24 10:06:43.009 [info] > git config --get commit.template [15ms]
2024-03-24 10:06:43.010 [info] > git for-each-ref --format=%(refname)%00%(upstream:short)%00%(objectname)%00%(upstream:track)%00%(upstream:remotename)%00%(upstream:remoteref) refs/heads/main refs/remotes/main [2ms]
2024-03-24 10:06:43.023 [info] > git status -z -uall [1ms]
2024-03-24 10:06:48.050 [info] > git config --get commit.template [2ms]
2024-03-24 10:06:48.063 [info] > git for-each-ref --format=%(refname)%00%(upstream:short)%00%(objectname)%00%(upstream:track)%00%(upstream:remotename)%00%(upstream:remoteref) refs/heads/main refs/remotes/main [1ms]
2024-03-24 10:06:48.076 [info] > git status -z -uall [2ms]
2024-03-24 10:06:53.118 [info] > git config --get commit.template [14ms]
2024-03-24 10:06:53.119 [info] > git for-each-ref --format=%(refname)%00%(upstream:short)%00%(objectname)%00%(upstream:track)%00%(upstream:remotename)%00%(upstream:remoteref) refs/heads/main refs/remotes/main [2ms]
2024-03-24 10:06:53.132 [info] > git status -z -uall [2ms]
2024-03-24 10:07:10.140 [info] > git config --get commit.template [1ms]
2024-03-24 10:07:10.173 [info] > git for-each-ref --format=%(refname)%00%(upstream:short)%00%(objectname)%00%(upstream:track)%00%(upstream:remotename)%00%(upstream:remoteref) refs/heads/main refs/remotes/main [2ms]
2024-03-24 10:07:10.189 [info] > git status -z -uall [2ms]
2024-03-24 10:07:17.793 [info] > git config --get commit.template [1ms]
2024-03-24 10:07:17.806 [info] > git for-each-ref --format=%(refname)%00%(upstream:short)%00%(objectname)%00%(upstream:track)%00%(upstream:remotename)%00%(upstream:remoteref) refs/heads/main refs/remotes/main [2ms]
2024-03-24 10:07:17.818 [info] > git status -z -uall [2ms]
2024-03-24 10:07:22.856 [info] > git config --get commit.template [3ms]
2024-03-24 10:07:22.867 [info] > git for-each-ref --format=%(refname)%00%(upstream:short)%00%(objectname)%00%(upstream:track)%00%(upstream:remotename)%00%(upstream:remoteref) refs/heads/main refs/remotes/main [1ms]
2024-03-24 10:07:22.878 [info] > git status -z -uall [1ms]
2024-03-24 10:07:42.004 [info] > git config --get commit.template [18ms]
2024-03-24 10:07:42.012 [info] > git for-each-ref --format=%(refname)%00%(upstream:short)%00%(objectname)%00%(upstream:track)%00%(upstream:remotename)%00%(upstream:remoteref) refs/heads/main refs/remotes/main [12ms]
2024-03-24 10:07:42.027 [info] > git status -z -uall [1ms]
2024-03-24 10:12:36.350 [info] > git config --get commit.template [16ms]
2024-03-24 10:12:36.351 [info] > git for-each-ref --format=%(refname)%00%(upstream:short)%00%(objectname)%00%(upstream:track)%00%(upstream:remotename)%00%(upstream:remoteref) refs/heads/main refs/remotes/main [2ms]
2024-03-24 10:12:36.365 [info] > git status -z -uall [2ms]
2024-03-24 10:12:41.442 [info] > git config --get commit.template [34ms]
2024-03-24 10:12:41.443 [info] > git for-each-ref --format=%(refname)%00%(upstream:short)%00%(objectname)%00%(upstream:track)%00%(upstream:remotename)%00%(upstream:remoteref) refs/heads/main refs/remotes/main [2ms]
2024-03-24 10:12:41.463 [info] > git status -z -uall [2ms]
2024-03-24 10:13:10.281 [info] > git config --get commit.template [16ms]
2024-03-24 10:13:10.282 [info] > git for-each-ref --format=%(refname)%00%(upstream:short)%00%(objectname)%00%(upstream:track)%00%(upstream:remotename)%00%(upstream:remoteref) refs/heads/main refs/remotes/main [3ms]
2024-03-24 10:13:10.295 [info] > git status -z -uall [2ms]
2024-03-24 10:13:15.316 [info] > git config --get commit.template [9ms]
2024-03-24 10:13:15.317 [info] > git for-each-ref --format=%(refname)%00%(upstream:short)%00%(objectname)%00%(upstream:track)%00%(upstream:remotename)%00%(upstream:remoteref) refs/heads/main refs/remotes/main [1ms]
2024-03-24 10:13:15.327 [info] > git status -z -uall [1ms]
2024-03-24 10:13:20.379 [info] > git config --get commit.template [20ms]
2024-03-24 10:13:20.380 [info] > git for-each-ref --format=%(refname)%00%(upstream:short)%00%(objectname)%00%(upstream:track)%00%(upstream:remotename)%00%(upstream:remoteref) refs/heads/main refs/remotes/main [2ms]
2024-03-24 10:13:20.393 [info] > git status -z -uall [1ms]
2024-03-24 10:13:25.429 [info] > git config --get commit.template [4ms]
2024-03-24 10:13:25.447 [info] > git for-each-ref --format=%(refname)%00%(upstream:short)%00%(objectname)%00%(upstream:track)%00%(upstream:remotename)%00%(upstream:remoteref) refs/heads/main refs/remotes/main [1ms]
2024-03-24 10:13:25.457 [info] > git status -z -uall [1ms]
2024-03-24 10:13:30.486 [info] > git config --get commit.template [3ms]
2024-03-24 10:13:30.500 [info] > git for-each-ref --format=%(refname)%00%(upstream:short)%00%(objectname)%00%(upstream:track)%00%(upstream:remotename)%00%(upstream:remoteref) refs/heads/main refs/remotes/main [2ms]
2024-03-24 10:13:30.512 [info] > git status -z -uall [2ms]
2024-03-24 10:13:35.552 [info] > git config --get commit.template [2ms]
2024-03-24 10:13:35.563 [info] > git for-each-ref --format=%(refname)%00%(upstream:short)%00%(objectname)%00%(upstream:track)%00%(upstream:remotename)%00%(upstream:remoteref) refs/heads/main refs/remotes/main [2ms]
2024-03-24 10:13:35.574 [info] > git status -z -uall [1ms]
2024-03-24 10:13:40.617 [info] > git config --get commit.template [16ms]
2024-03-24 10:13:40.617 [info] > git for-each-ref --format=%(refname)%00%(upstream:short)%00%(objectname)%00%(upstream:track)%00%(upstream:remotename)%00%(upstream:remoteref) refs/heads/main refs/remotes/main [1ms]
2024-03-24 10:13:40.628 [info] > git status -z -uall [1ms]
2024-03-24 10:13:49.046 [info] > git config --get commit.template [3ms]
2024-03-24 10:13:49.059 [info] > git for-each-ref --format=%(refname)%00%(upstream:short)%00%(objectname)%00%(upstream:track)%00%(upstream:remotename)%00%(upstream:remoteref) refs/heads/main refs/remotes/main [1ms]
2024-03-24 10:13:49.072 [info] > git status -z -uall [2ms]
2024-03-24 10:13:54.140 [info] > git config --get commit.template [21ms]
2024-03-24 10:13:54.141 [info] > git for-each-ref --format=%(refname)%00%(upstream:short)%00%(objectname)%00%(upstream:track)%00%(upstream:remotename)%00%(upstream:remoteref) refs/heads/main refs/remotes/main [2ms]
2024-03-24 10:13:54.157 [info] > git status -z -uall [2ms]
2024-03-24 10:13:59.202 [info] > git config --get commit.template [15ms]
2024-03-24 10:13:59.202 [info] > git for-each-ref --format=%(refname)%00%(upstream:short)%00%(objectname)%00%(upstream:track)%00%(upstream:remotename)%00%(upstream:remoteref) refs/heads/main refs/remotes/main [2ms]
2024-03-24 10:13:59.214 [info] > git status -z -uall [2ms]
2024-03-24 10:14:06.627 [info] > git config --get commit.template [21ms]
2024-03-24 10:14:06.628 [info] > git for-each-ref --format=%(refname)%00%(upstream:short)%00%(objectname)%00%(upstream:track)%00%(upstream:remotename)%00%(upstream:remoteref) refs/heads/main refs/remotes/main [4ms]
2024-03-24 10:14:06.643 [info] > git status -z -uall [1ms]
2024-03-24 10:21:36.524 [info] > git config --get commit.template [14ms]
2024-03-24 10:21:36.525 [info] > git for-each-ref --format=%(refname)%00%(upstream:short)%00%(objectname)%00%(upstream:track)%00%(upstream:remotename)%00%(upstream:remoteref) refs/heads/main refs/remotes/main [2ms]
2024-03-24 10:21:36.539 [info] > git status -z -uall [1ms]
2024-03-24 10:21:41.575 [info] > git config --get commit.template [14ms]
2024-03-24 10:21:41.575 [info] > git for-each-ref --format=%(refname)%00%(upstream:short)%00%(objectname)%00%(upstream:track)%00%(upstream:remotename)%00%(upstream:remoteref) refs/heads/main refs/remotes/main [3ms]
2024-03-24 10:21:41.590 [info] > git status -z -uall [1ms]
2024-03-24 10:21:46.636 [info] > git config --get commit.template [13ms]
2024-03-24 10:21:46.637 [info] > git for-each-ref --format=%(refname)%00%(upstream:short)%00%(objectname)%00%(upstream:track)%00%(upstream:remotename)%00%(upstream:remoteref) refs/heads/main refs/remotes/main [2ms]
2024-03-24 10:21:46.655 [info] > git status -z -uall [1ms]
2024-03-24 10:21:51.714 [info] > git config --get commit.template [24ms]
2024-03-24 10:21:51.715 [info] > git for-each-ref --format=%(refname)%00%(upstream:short)%00%(objectname)%00%(upstream:track)%00%(upstream:remotename)%00%(upstream:remoteref) refs/heads/main refs/remotes/main [4ms]
2024-03-24 10:21:51.728 [info] > git status -z -uall [1ms]
2024-03-24 10:21:56.775 [info] > git config --get commit.template [14ms]
2024-03-24 10:21:56.775 [info] > git for-each-ref --format=%(refname)%00%(upstream:short)%00%(objectname)%00%(upstream:track)%00%(upstream:remotename)%00%(upstream:remoteref) refs/heads/main refs/remotes/main [2ms]
2024-03-24 10:21:56.789 [info] > git status -z -uall [1ms]
2024-03-24 10:22:01.827 [info] > git config --get commit.template [15ms]
2024-03-24 10:22:01.827 [info] > git for-each-ref --format=%(refname)%00%(upstream:short)%00%(objectname)%00%(upstream:track)%00%(upstream:remotename)%00%(upstream:remoteref) refs/heads/main refs/remotes/main [2ms]
2024-03-24 10:22:01.840 [info] > git status -z -uall [1ms]
2024-03-24 10:22:06.857 [info] > git config --get commit.template [5ms]
2024-03-24 10:22:06.872 [info] > git for-each-ref --format=%(refname)%00%(upstream:short)%00%(objectname)%00%(upstream:track)%00%(upstream:remotename)%00%(upstream:remoteref) refs/heads/main refs/remotes/main [3ms]
2024-03-24 10:22:06.970 [info] > git status -z -uall [2ms]
2024-03-24 10:22:12.001 [info] > git config --get commit.template [13ms]
2024-03-24 10:22:12.002 [info] > git for-each-ref --format=%(refname)%00%(upstream:short)%00%(objectname)%00%(upstream:track)%00%(upstream:remotename)%00%(upstream:remoteref) refs/heads/main refs/remotes/main [2ms]
2024-03-24 10:22:12.014 [info] > git status -z -uall [2ms]
2024-03-24 10:22:18.044 [info] > git config --get commit.template [3ms]
2024-03-24 10:22:18.057 [info] > git for-each-ref --format=%(refname)%00%(upstream:short)%00%(objectname)%00%(upstream:track)%00%(upstream:remotename)%00%(upstream:remoteref) refs/heads/main refs/remotes/main [2ms]
2024-03-24 10:22:18.073 [info] > git status -z -uall [2ms]
2024-03-24 10:22:23.122 [info] > git config --get commit.template [15ms]
2024-03-24 10:22:23.123 [info] > git for-each-ref --format=%(refname)%00%(upstream:short)%00%(objectname)%00%(upstream:track)%00%(upstream:remotename)%00%(upstream:remoteref) refs/heads/main refs/remotes/main [2ms]
2024-03-24 10:22:23.135 [info] > git status -z -uall [2ms]
2024-03-24 10:22:30.771 [info] > git config --get commit.template [5ms]
2024-03-24 10:22:30.796 [info] > git for-each-ref --format=%(refname)%00%(upstream:short)%00%(objectname)%00%(upstream:track)%00%(upstream:remotename)%00%(upstream:remoteref) refs/heads/main refs/remotes/main [12ms]
2024-03-24 10:22:30.811 [info] > git status -z -uall [1ms]
2024-03-24 10:22:35.837 [info] > git config --get commit.template [5ms]
2024-03-24 10:22:35.868 [info] > git for-each-ref --format=%(refname)%00%(upstream:short)%00%(objectname)%00%(upstream:track)%00%(upstream:remotename)%00%(upstream:remoteref) refs/heads/main refs/remotes/main [6ms]
2024-03-24 10:22:35.886 [info] > git status -z -uall [1ms]
2024-03-24 10:22:40.908 [info] > git config --get commit.template [2ms]
2024-03-24 10:22:40.920 [info] > git for-each-ref --format=%(refname)%00%(upstream:short)%00%(objectname)%00%(upstream:track)%00%(upstream:remotename)%00%(upstream:remoteref) refs/heads/main refs/remotes/main [1ms]
2024-03-24 10:22:40.933 [info] > git status -z -uall [2ms]
2024-03-24 10:24:38.817 [info] > git config --get commit.template [21ms]
2024-03-24 10:24:38.819 [info] > git for-each-ref --format=%(refname)%00%(upstream:short)%00%(objectname)%00%(upstream:track)%00%(upstream:remotename)%00%(upstream:remoteref) refs/heads/main refs/remotes/main [3ms]
2024-03-24 10:24:38.836 [info] > git status -z -uall [4ms]
2024-03-24 10:24:44.323 [info] > git config --get commit.template [1ms]
2024-03-24 10:24:44.339 [info] > git for-each-ref --format=%(refname)%00%(upstream:short)%00%(objectname)%00%(upstream:track)%00%(upstream:remotename)%00%(upstream:remoteref) refs/heads/main refs/remotes/main [1ms]
2024-03-24 10:24:44.353 [info] > git status -z -uall [1ms]
2024-03-24 10:24:49.391 [info] > git config --get commit.template [17ms]
2024-03-24 10:24:49.393 [info] > git for-each-ref --format=%(refname)%00%(upstream:short)%00%(objectname)%00%(upstream:track)%00%(upstream:remotename)%00%(upstream:remoteref) refs/heads/main refs/remotes/main [4ms]
2024-03-24 10:24:49.411 [info] > git status -z -uall [4ms]
2024-03-24 10:25:04.993 [info] > git config --get commit.template [1ms]
2024-03-24 10:25:05.019 [info] > git for-each-ref --format=%(refname)%00%(upstream:short)%00%(objectname)%00%(upstream:track)%00%(upstream:remotename)%00%(upstream:remoteref) refs/heads/main refs/remotes/main [2ms]
2024-03-24 10:25:05.035 [info] > git status -z -uall [2ms]
2024-03-24 10:25:13.013 [info] > git config --get commit.template [10ms]
2024-03-24 10:25:13.013 [info] > git for-each-ref --format=%(refname)%00%(upstream:short)%00%(objectname)%00%(upstream:track)%00%(upstream:remotename)%00%(upstream:remoteref) refs/heads/main refs/remotes/main [1ms]
2024-03-24 10:25:13.025 [info] > git status -z -uall [1ms]
2024-03-24 10:25:18.056 [info] > git config --get commit.template [14ms]
2024-03-24 10:25:18.057 [info] > git for-each-ref --format=%(refname)%00%(upstream:short)%00%(objectname)%00%(upstream:track)%00%(upstream:remotename)%00%(upstream:remoteref) refs/heads/main refs/remotes/main [2ms]
2024-03-24 10:25:18.069 [info] > git status -z -uall [2ms]
2024-03-24 10:25:23.089 [info] > git config --get commit.template [2ms]
2024-03-24 10:25:23.103 [info] > git for-each-ref --format=%(refname)%00%(upstream:short)%00%(objectname)%00%(upstream:track)%00%(upstream:remotename)%00%(upstream:remoteref) refs/heads/main refs/remotes/main [1ms]
2024-03-24 10:25:23.116 [info] > git status -z -uall [1ms]
2024-03-24 10:25:30.609 [info] > git config --get commit.template [14ms]
2024-03-24 10:25:30.609 [info] > git for-each-ref --format=%(refname)%00%(upstream:short)%00%(objectname)%00%(upstream:track)%00%(upstream:remotename)%00%(upstream:remoteref) refs/heads/main refs/remotes/main [1ms]
2024-03-24 10:25:30.622 [info] > git status -z -uall [1ms]
2024-03-24 10:25:35.661 [info] > git config --get commit.template [12ms]
2024-03-24 10:25:35.662 [info] > git for-each-ref --format=%(refname)%00%(upstream:short)%00%(objectname)%00%(upstream:track)%00%(upstream:remotename)%00%(upstream:remoteref) refs/heads/main refs/remotes/main [2ms]
2024-03-24 10:25:35.674 [info] > git status -z -uall [1ms]
2024-03-24 10:25:40.697 [info] > git config --get commit.template [4ms]
2024-03-24 10:25:40.715 [info] > git for-each-ref --format=%(refname)%00%(upstream:short)%00%(objectname)%00%(upstream:track)%00%(upstream:remotename)%00%(upstream:remoteref) refs/heads/main refs/remotes/main [3ms]
2024-03-24 10:25:40.732 [info] > git status -z -uall [2ms]
2024-03-24 10:25:45.771 [info] > git config --get commit.template [3ms]
2024-03-24 10:25:45.785 [info] > git for-each-ref --format=%(refname)%00%(upstream:short)%00%(objectname)%00%(upstream:track)%00%(upstream:remotename)%00%(upstream:remoteref) refs/heads/main refs/remotes/main [1ms]
2024-03-24 10:25:45.796 [info] > git status -z -uall [1ms]
2024-03-24 10:25:50.824 [info] > git config --get commit.template [12ms]
2024-03-24 10:25:50.824 [info] > git for-each-ref --format=%(refname)%00%(upstream:short)%00%(objectname)%00%(upstream:track)%00%(upstream:remotename)%00%(upstream:remoteref) refs/heads/main refs/remotes/main [1ms]
2024-03-24 10:25:50.839 [info] > git status -z -uall [1ms]
2024-03-24 10:25:55.896 [info] > git config --get commit.template [16ms]
2024-03-24 10:25:55.897 [info] > git for-each-ref --format=%(refname)%00%(upstream:short)%00%(objectname)%00%(upstream:track)%00%(upstream:remotename)%00%(upstream:remoteref) refs/heads/main refs/remotes/main [2ms]
2024-03-24 10:25:55.910 [info] > git status -z -uall [1ms]
2024-03-24 10:26:00.954 [info] > git config --get commit.template [12ms]
2024-03-24 10:26:00.955 [info] > git for-each-ref --format=%(refname)%00%(upstream:short)%00%(objectname)%00%(upstream:track)%00%(upstream:remotename)%00%(upstream:remoteref) refs/heads/main refs/remotes/main [2ms]
2024-03-24 10:26:00.968 [info] > git status -z -uall [2ms]
2024-03-24 10:26:37.960 [info] > git config --get commit.template [15ms]
2024-03-24 10:26:37.960 [info] > git for-each-ref --format=%(refname)%00%(upstream:short)%00%(objectname)%00%(upstream:track)%00%(upstream:remotename)%00%(upstream:remoteref) refs/heads/main refs/remotes/main [2ms]
2024-03-24 10:26:37.974 [info] > git status -z -uall [2ms]
2024-03-24 10:26:45.963 [info] > git config --get commit.template [2ms]
2024-03-24 10:26:45.975 [info] > git for-each-ref --format=%(refname)%00%(upstream:short)%00%(objectname)%00%(upstream:track)%00%(upstream:remotename)%00%(upstream:remoteref) refs/heads/main refs/remotes/main [1ms]
2024-03-24 10:26:45.988 [info] > git status -z -uall [2ms]
2024-03-24 10:26:51.028 [info] > git config --get commit.template [2ms]
2024-03-24 10:26:51.043 [info] > git for-each-ref --format=%(refname)%00%(upstream:short)%00%(objectname)%00%(upstream:track)%00%(upstream:remotename)%00%(upstream:remoteref) refs/heads/main refs/remotes/main [1ms]
2024-03-24 10:26:51.057 [info] > git status -z -uall [1ms]
2024-03-24 10:26:56.071 [info] > git config --get commit.template [1ms]
2024-03-24 10:26:56.082 [info] > git for-each-ref --format=%(refname)%00%(upstream:short)%00%(objectname)%00%(upstream:track)%00%(upstream:remotename)%00%(upstream:remoteref) refs/heads/main refs/remotes/main [1ms]
2024-03-24 10:26:56.093 [info] > git status -z -uall [2ms]
2024-03-24 10:27:01.141 [info] > git config --get commit.template [15ms]
2024-03-24 10:27:01.142 [info] > git for-each-ref --format=%(refname)%00%(upstream:short)%00%(objectname)%00%(upstream:track)%00%(upstream:remotename)%00%(upstream:remoteref) refs/heads/main refs/remotes/main [2ms]
2024-03-24 10:27:01.156 [info] > git status -z -uall [1ms]
2024-03-24 10:27:06.204 [info] > git config --get commit.template [16ms]
2024-03-24 10:27:06.204 [info] > git for-each-ref --format=%(refname)%00%(upstream:short)%00%(objectname)%00%(upstream:track)%00%(upstream:remotename)%00%(upstream:remoteref) refs/heads/main refs/remotes/main [2ms]
2024-03-24 10:27:06.219 [info] > git status -z -uall [1ms]
2024-03-24 10:27:11.274 [info] > git config --get commit.template [17ms]
2024-03-24 10:27:11.274 [info] > git for-each-ref --format=%(refname)%00%(upstream:short)%00%(objectname)%00%(upstream:track)%00%(upstream:remotename)%00%(upstream:remoteref) refs/heads/main refs/remotes/main [2ms]
2024-03-24 10:27:11.287 [info] > git status -z -uall [1ms]
2024-03-24 10:27:17.914 [info] > git config --get commit.template [36ms]
2024-03-24 10:27:17.957 [info] > git for-each-ref --format=%(refname)%00%(upstream:short)%00%(objectname)%00%(upstream:track)%00%(upstream:remotename)%00%(upstream:remoteref) refs/heads/main refs/remotes/main [13ms]
2024-03-24 10:27:18.017 [info] > git status -z -uall [13ms]
2024-03-24 10:27:23.044 [info] > git config --get commit.template [3ms]
2024-03-24 10:27:23.066 [info] > git for-each-ref --format=%(refname)%00%(upstream:short)%00%(objectname)%00%(upstream:track)%00%(upstream:remotename)%00%(upstream:remoteref) refs/heads/main refs/remotes/main [5ms]
2024-03-24 10:27:23.085 [info] > git status -z -uall [1ms]
2024-03-24 10:27:28.165 [info] > git config --get commit.template [28ms]
2024-03-24 10:27:28.171 [info] > git for-each-ref --format=%(refname)%00%(upstream:short)%00%(objectname)%00%(upstream:track)%00%(upstream:remotename)%00%(upstream:remoteref) refs/heads/main refs/remotes/main [8ms]
2024-03-24 10:27:28.185 [info] > git status -z -uall [3ms]
2024-03-24 10:27:33.213 [info] > git config --get commit.template [2ms]
2024-03-24 10:27:33.227 [info] > git for-each-ref --format=%(refname)%00%(upstream:short)%00%(objectname)%00%(upstream:track)%00%(upstream:remotename)%00%(upstream:remoteref) refs/heads/main refs/remotes/main [1ms]
2024-03-24 10:27:33.239 [info] > git status -z -uall [1ms]
2024-03-24 10:27:38.293 [info] > git config --get commit.template [15ms]
2024-03-24 10:27:38.293 [info] > git for-each-ref --format=%(refname)%00%(upstream:short)%00%(objectname)%00%(upstream:track)%00%(upstream:remotename)%00%(upstream:remoteref) refs/heads/main refs/remotes/main [2ms]
2024-03-24 10:27:38.306 [info] > git status -z -uall [2ms]
2024-03-24 10:27:43.398 [info] > git config --get commit.template [16ms]
2024-03-24 10:27:43.414 [info] > git for-each-ref --format=%(refname)%00%(upstream:short)%00%(objectname)%00%(upstream:track)%00%(upstream:remotename)%00%(upstream:remoteref) refs/heads/main refs/remotes/main [2ms]
2024-03-24 10:27:43.429 [info] > git status -z -uall [1ms]
2024-03-24 10:27:48.449 [info] > git config --get commit.template [2ms]
2024-03-24 10:27:48.466 [info] > git for-each-ref --format=%(refname)%00%(upstream:short)%00%(objectname)%00%(upstream:track)%00%(upstream:remotename)%00%(upstream:remoteref) refs/heads/main refs/remotes/main [1ms]
2024-03-24 10:27:48.485 [info] > git status -z -uall [1ms]
2024-03-24 10:27:53.516 [info] > git config --get commit.template [3ms]
2024-03-24 10:27:53.530 [info] > git for-each-ref --format=%(refname)%00%(upstream:short)%00%(objectname)%00%(upstream:track)%00%(upstream:remotename)%00%(upstream:remoteref) refs/heads/main refs/remotes/main [1ms]
2024-03-24 10:27:53.547 [info] > git status -z -uall [2ms]
2024-03-24 10:27:58.605 [info] > git config --get commit.template [16ms]
2024-03-24 10:27:58.606 [info] > git for-each-ref --format=%(refname)%00%(upstream:short)%00%(objectname)%00%(upstream:track)%00%(upstream:remotename)%00%(upstream:remoteref) refs/heads/main refs/remotes/main [3ms]
2024-03-24 10:27:58.619 [info] > git status -z -uall [2ms]
2024-03-24 10:28:03.645 [info] > git config --get commit.template [12ms]
2024-03-24 10:28:03.646 [info] > git for-each-ref --format=%(refname)%00%(upstream:short)%00%(objectname)%00%(upstream:track)%00%(upstream:remotename)%00%(upstream:remoteref) refs/heads/main refs/remotes/main [2ms]
2024-03-24 10:28:03.657 [info] > git status -z -uall [1ms]
2024-03-24 10:28:08.700 [info] > git config --get commit.template [17ms]
2024-03-24 10:28:08.700 [info] > git for-each-ref --format=%(refname)%00%(upstream:short)%00%(objectname)%00%(upstream:track)%00%(upstream:remotename)%00%(upstream:remoteref) refs/heads/main refs/remotes/main [1ms]
2024-03-24 10:28:08.724 [info] > git status -z -uall [1ms]
2024-03-24 10:28:41.003 [info] > git config --get commit.template [26ms]
2024-03-24 10:28:41.004 [info] > git for-each-ref --format=%(refname)%00%(upstream:short)%00%(objectname)%00%(upstream:track)%00%(upstream:remotename)%00%(upstream:remoteref) refs/heads/main refs/remotes/main [2ms]
2024-03-24 10:28:41.019 [info] > git status -z -uall [1ms]
2024-03-24 10:29:07.463 [info] > git config --get commit.template [16ms]
2024-03-24 10:29:07.463 [info] > git for-each-ref --format=%(refname)%00%(upstream:short)%00%(objectname)%00%(upstream:track)%00%(upstream:remotename)%00%(upstream:remoteref) refs/heads/main refs/remotes/main [1ms]
2024-03-24 10:29:07.475 [info] > git status -z -uall [1ms]
2024-03-24 10:29:12.519 [info] > git config --get commit.template [13ms]
2024-03-24 10:29:12.520 [info] > git for-each-ref --format=%(refname)%00%(upstream:short)%00%(objectname)%00%(upstream:track)%00%(upstream:remotename)%00%(upstream:remoteref) refs/heads/main refs/remotes/main [2ms]
2024-03-24 10:29:12.533 [info] > git status -z -uall [2ms]
2024-03-24 10:29:17.586 [info] > git config --get commit.template [16ms]
2024-03-24 10:29:17.587 [info] > git for-each-ref --format=%(refname)%00%(upstream:short)%00%(objectname)%00%(upstream:track)%00%(upstream:remotename)%00%(upstream:remoteref) refs/heads/main refs/remotes/main [3ms]
2024-03-24 10:29:17.599 [info] > git status -z -uall [1ms]
2024-03-24 10:29:22.620 [info] > git config --get commit.template [2ms]
2024-03-24 10:29:22.635 [info] > git for-each-ref --format=%(refname)%00%(upstream:short)%00%(objectname)%00%(upstream:track)%00%(upstream:remotename)%00%(upstream:remoteref) refs/heads/main refs/remotes/main [2ms]
2024-03-24 10:29:22.664 [info] > git status -z -uall [14ms]
2024-03-24 10:29:27.724 [info] > git config --get commit.template [19ms]
2024-03-24 10:29:27.725 [info] > git for-each-ref --format=%(refname)%00%(upstream:short)%00%(objectname)%00%(upstream:track)%00%(upstream:remotename)%00%(upstream:remoteref) refs/heads/main refs/remotes/main [2ms]
2024-03-24 10:29:27.739 [info] > git status -z -uall [1ms]
2024-03-24 10:29:34.817 [info] > git config --get commit.template [15ms]
2024-03-24 10:29:34.818 [info] > git for-each-ref --format=%(refname)%00%(upstream:short)%00%(objectname)%00%(upstream:track)%00%(upstream:remotename)%00%(upstream:remoteref) refs/heads/main refs/remotes/main [2ms]
2024-03-24 10:29:34.832 [info] > git status -z -uall [1ms]
2024-03-24 10:39:04.082 [info] > git config --get commit.template [18ms]
2024-03-24 10:39:04.083 [info] > git for-each-ref --format=%(refname)%00%(upstream:short)%00%(objectname)%00%(upstream:track)%00%(upstream:remotename)%00%(upstream:remoteref) refs/heads/main refs/remotes/main [2ms]
2024-03-24 10:39:04.096 [info] > git status -z -uall [1ms]
2024-03-24 10:39:14.598 [info] > git config --get commit.template [15ms]
2024-03-24 10:39:14.599 [info] > git for-each-ref --format=%(refname)%00%(upstream:short)%00%(objectname)%00%(upstream:track)%00%(upstream:remotename)%00%(upstream:remoteref) refs/heads/main refs/remotes/main [1ms]
2024-03-24 10:39:14.611 [info] > git status -z -uall [1ms]
2024-03-24 10:40:09.826 [info] > git config --get commit.template [3ms]
2024-03-24 10:40:09.849 [info] > git for-each-ref --format=%(refname)%00%(upstream:short)%00%(objectname)%00%(upstream:track)%00%(upstream:remotename)%00%(upstream:remoteref) refs/heads/main refs/remotes/main [10ms]
2024-03-24 10:40:09.859 [info] > git status -z -uall [1ms]
2024-03-24 10:40:14.887 [info] > git for-each-ref --format=%(refname)%00%(upstream:short)%00%(objectname)%00%(upstream:track)%00%(upstream:remotename)%00%(upstream:remoteref) refs/heads/main refs/remotes/main [3ms]
2024-03-24 10:40:14.888 [info] > git config --get commit.template [15ms]
2024-03-24 10:40:14.901 [info] > git status -z -uall [1ms]
2024-03-24 10:40:19.941 [info] > git config --get commit.template [4ms]
2024-03-24 10:40:19.954 [info] > git for-each-ref --format=%(refname)%00%(upstream:short)%00%(objectname)%00%(upstream:track)%00%(upstream:remotename)%00%(upstream:remoteref) refs/heads/main refs/remotes/main [1ms]
2024-03-24 10:40:19.968 [info] > git status -z -uall [1ms]
2024-03-24 10:40:25.014 [info] > git config --get commit.template [16ms]
2024-03-24 10:40:25.015 [info] > git for-each-ref --format=%(refname)%00%(upstream:short)%00%(objectname)%00%(upstream:track)%00%(upstream:remotename)%00%(upstream:remoteref) refs/heads/main refs/remotes/main [2ms]
2024-03-24 10:40:25.029 [info] > git status -z -uall [2ms]
2024-03-24 10:40:30.070 [info] > git config --get commit.template [4ms]
2024-03-24 10:40:30.086 [info] > git for-each-ref --format=%(refname)%00%(upstream:short)%00%(objectname)%00%(upstream:track)%00%(upstream:remotename)%00%(upstream:remoteref) refs/heads/main refs/remotes/main [2ms]
2024-03-24 10:40:30.103 [info] > git status -z -uall [2ms]
2024-03-24 10:40:35.141 [info] > git config --get commit.template [19ms]
2024-03-24 10:40:35.142 [info] > git for-each-ref --format=%(refname)%00%(upstream:short)%00%(objectname)%00%(upstream:track)%00%(upstream:remotename)%00%(upstream:remoteref) refs/heads/main refs/remotes/main [3ms]
2024-03-24 10:40:35.160 [info] > git status -z -uall [1ms]
2024-03-24 10:40:40.191 [info] > git config --get commit.template [11ms]
2024-03-24 10:40:40.191 [info] > git for-each-ref --format=%(refname)%00%(upstream:short)%00%(objectname)%00%(upstream:track)%00%(upstream:remotename)%00%(upstream:remoteref) refs/heads/main refs/remotes/main [2ms]
2024-03-24 10:40:40.203 [info] > git status -z -uall [2ms]
2024-03-24 10:40:45.224 [info] > git config --get commit.template [4ms]
2024-03-24 10:40:45.244 [info] > git for-each-ref --format=%(refname)%00%(upstream:short)%00%(objectname)%00%(upstream:track)%00%(upstream:remotename)%00%(upstream:remoteref) refs/heads/main refs/remotes/main [4ms]
2024-03-24 10:40:45.349 [info] > git status -z -uall [4ms]
2024-03-24 10:40:50.378 [info] > git config --get commit.template [11ms]
2024-03-24 10:40:50.378 [info] > git for-each-ref --format=%(refname)%00%(upstream:short)%00%(objectname)%00%(upstream:track)%00%(upstream:remotename)%00%(upstream:remoteref) refs/heads/main refs/remotes/main [2ms]
2024-03-24 10:40:50.391 [info] > git status -z -uall [1ms]
2024-03-24 10:40:55.440 [info] > git config --get commit.template [15ms]
2024-03-24 10:40:55.440 [info] > git for-each-ref --format=%(refname)%00%(upstream:short)%00%(objectname)%00%(upstream:track)%00%(upstream:remotename)%00%(upstream:remoteref) refs/heads/main refs/remotes/main [2ms]
2024-03-24 10:40:55.455 [info] > git status -z -uall [2ms]
2024-03-24 10:41:00.480 [info] > git config --get commit.template [2ms]
2024-03-24 10:41:00.494 [info] > git for-each-ref --format=%(refname)%00%(upstream:short)%00%(objectname)%00%(upstream:track)%00%(upstream:remotename)%00%(upstream:remoteref) refs/heads/main refs/remotes/main [2ms]
2024-03-24 10:41:00.510 [info] > git status -z -uall [2ms]
2024-03-24 10:41:05.548 [info] > git config --get commit.template [13ms]
2024-03-24 10:41:05.549 [info] > git for-each-ref --format=%(refname)%00%(upstream:short)%00%(objectname)%00%(upstream:track)%00%(upstream:remotename)%00%(upstream:remoteref) refs/heads/main refs/remotes/main [2ms]
2024-03-24 10:41:05.570 [info] > git status -z -uall [1ms]
2024-03-24 10:41:22.445 [info] > git config --get commit.template [16ms]
2024-03-24 10:41:22.446 [info] > git for-each-ref --format=%(refname)%00%(upstream:short)%00%(objectname)%00%(upstream:track)%00%(upstream:remotename)%00%(upstream:remoteref) refs/heads/main refs/remotes/main [2ms]
2024-03-24 10:41:22.459 [info] > git status -z -uall [1ms]
2024-03-24 10:41:27.505 [info] > git config --get commit.template [16ms]
2024-03-24 10:41:27.506 [info] > git for-each-ref --format=%(refname)%00%(upstream:short)%00%(objectname)%00%(upstream:track)%00%(upstream:remotename)%00%(upstream:remoteref) refs/heads/main refs/remotes/main [2ms]
2024-03-24 10:41:27.517 [info] > git status -z -uall [1ms]
2024-03-24 10:42:48.826 [info] > git config --get commit.template [14ms]
2024-03-24 10:42:48.827 [info] > git for-each-ref --format=%(refname)%00%(upstream:short)%00%(objectname)%00%(upstream:track)%00%(upstream:remotename)%00%(upstream:remoteref) refs/heads/main refs/remotes/main [2ms]
2024-03-24 10:42:48.839 [info] > git status -z -uall [2ms]
2024-03-24 10:42:53.876 [info] > git config --get commit.template [12ms]
2024-03-24 10:42:53.877 [info] > git for-each-ref --format=%(refname)%00%(upstream:short)%00%(objectname)%00%(upstream:track)%00%(upstream:remotename)%00%(upstream:remoteref) refs/heads/main refs/remotes/main [2ms]
2024-03-24 10:42:53.888 [info] > git status -z -uall [1ms]
2024-03-24 10:43:34.995 [info] > git config --get commit.template [21ms]
2024-03-24 10:43:35.010 [info] > git for-each-ref --format=%(refname)%00%(upstream:short)%00%(objectname)%00%(upstream:track)%00%(upstream:remotename)%00%(upstream:remoteref) refs/heads/main refs/remotes/main [1ms]
2024-03-24 10:43:35.025 [info] > git status -z -uall [2ms]
2024-03-24 10:46:19.823 [info] > git config --get commit.template [3ms]
2024-03-24 10:46:19.838 [info] > git for-each-ref --format=%(refname)%00%(upstream:short)%00%(objectname)%00%(upstream:track)%00%(upstream:remotename)%00%(upstream:remoteref) refs/heads/main refs/remotes/main [1ms]
2024-03-24 10:46:19.853 [info] > git status -z -uall [1ms]
2024-03-24 10:46:29.670 [info] > git config --get commit.template [3ms]
2024-03-24 10:46:29.686 [info] > git for-each-ref --format=%(refname)%00%(upstream:short)%00%(objectname)%00%(upstream:track)%00%(upstream:remotename)%00%(upstream:remoteref) refs/heads/main refs/remotes/main [2ms]
2024-03-24 10:46:29.702 [info] > git status -z -uall [7ms]
2024-03-24 10:46:34.732 [info] > git config --get commit.template [12ms]
2024-03-24 10:46:34.732 [info] > git for-each-ref --format=%(refname)%00%(upstream:short)%00%(objectname)%00%(upstream:track)%00%(upstream:remotename)%00%(upstream:remoteref) refs/heads/main refs/remotes/main [2ms]
2024-03-24 10:46:34.743 [info] > git status -z -uall [2ms]
2024-03-24 10:47:50.820 [info] > git config --get commit.template [16ms]
2024-03-24 10:47:50.823 [info] > git for-each-ref --format=%(refname)%00%(upstream:short)%00%(objectname)%00%(upstream:track)%00%(upstream:remotename)%00%(upstream:remoteref) refs/heads/main refs/remotes/main [4ms]
2024-03-24 10:47:50.835 [info] > git status -z -uall [2ms]
2024-03-24 10:47:55.867 [info] > git config --get commit.template [16ms]
2024-03-24 10:47:55.867 [info] > git for-each-ref --format=%(refname)%00%(upstream:short)%00%(objectname)%00%(upstream:track)%00%(upstream:remotename)%00%(upstream:remoteref) refs/heads/main refs/remotes/main [2ms]
2024-03-24 10:47:55.879 [info] > git status -z -uall [2ms]
2024-03-24 10:48:08.406 [info] > git config --get commit.template [19ms]
2024-03-24 10:48:08.406 [info] > git for-each-ref --format=%(refname)%00%(upstream:short)%00%(objectname)%00%(upstream:track)%00%(upstream:remotename)%00%(upstream:remoteref) refs/heads/main refs/remotes/main [1ms]
2024-03-24 10:48:08.425 [info] > git status -z -uall [3ms]
2024-03-24 10:48:13.891 [info] > git config --get commit.template [17ms]
2024-03-24 10:48:13.891 [info] > git for-each-ref --format=%(refname)%00%(upstream:short)%00%(objectname)%00%(upstream:track)%00%(upstream:remotename)%00%(upstream:remoteref) refs/heads/main refs/remotes/main [2ms]
2024-03-24 10:48:13.904 [info] > git status -z -uall [1ms]
2024-03-24 10:48:53.613 [info] > git config --get commit.template [19ms]
2024-03-24 10:48:53.614 [info] > git for-each-ref --format=%(refname)%00%(upstream:short)%00%(objectname)%00%(upstream:track)%00%(upstream:remotename)%00%(upstream:remoteref) refs/heads/main refs/remotes/main [2ms]
2024-03-24 10:48:53.626 [info] > git status -z -uall [1ms]
2024-03-24 10:48:58.727 [info] > git config --get commit.template [3ms]
2024-03-24 10:48:58.778 [info] > git for-each-ref --format=%(refname)%00%(upstream:short)%00%(objectname)%00%(upstream:track)%00%(upstream:remotename)%00%(upstream:remoteref) refs/heads/main refs/remotes/main [1ms]
2024-03-24 10:48:58.843 [info] > git status -z -uall [32ms]
2024-03-24 10:49:03.903 [info] > git config --get commit.template [18ms]
2024-03-24 10:49:03.903 [info] > git for-each-ref --format=%(refname)%00%(upstream:short)%00%(objectname)%00%(upstream:track)%00%(upstream:remotename)%00%(upstream:remoteref) refs/heads/main refs/remotes/main [1ms]
2024-03-24 10:49:03.917 [info] > git status -z -uall [2ms]
2024-03-24 10:49:08.968 [info] > git config --get commit.template [15ms]
2024-03-24 10:49:08.968 [info] > git for-each-ref --format=%(refname)%00%(upstream:short)%00%(objectname)%00%(upstream:track)%00%(upstream:remotename)%00%(upstream:remoteref) refs/heads/main refs/remotes/main [1ms]
2024-03-24 10:49:08.981 [info] > git status -z -uall [1ms]
2024-03-24 10:49:14.015 [info] > git config --get commit.template [1ms]
2024-03-24 10:49:14.029 [info] > git for-each-ref --format=%(refname)%00%(upstream:short)%00%(objectname)%00%(upstream:track)%00%(upstream:remotename)%00%(upstream:remoteref) refs/heads/main refs/remotes/main [1ms]
2024-03-24 10:49:14.042 [info] > git status -z -uall [1ms]
2024-03-24 10:49:19.085 [info] > git config --get commit.template [15ms]
2024-03-24 10:49:19.085 [info] > git for-each-ref --format=%(refname)%00%(upstream:short)%00%(objectname)%00%(upstream:track)%00%(upstream:remotename)%00%(upstream:remoteref) refs/heads/main refs/remotes/main [3ms]
2024-03-24 10:49:19.097 [info] > git status -z -uall [1ms]
2024-03-24 10:49:40.749 [info] > git config --get commit.template [2ms]
2024-03-24 10:49:40.785 [info] > git for-each-ref --format=%(refname)%00%(upstream:short)%00%(objectname)%00%(upstream:track)%00%(upstream:remotename)%00%(upstream:remoteref) refs/heads/main refs/remotes/main [27ms]
2024-03-24 10:49:40.807 [info] > git status -z -uall [8ms]
2024-03-24 10:49:48.598 [info] > git config --get commit.template [1ms]
2024-03-24 10:49:48.611 [info] > git for-each-ref --format=%(refname)%00%(upstream:short)%00%(objectname)%00%(upstream:track)%00%(upstream:remotename)%00%(upstream:remoteref) refs/heads/main refs/remotes/main [2ms]
2024-03-24 10:49:48.626 [info] > git status -z -uall [1ms]
2024-03-24 10:49:53.668 [info] > git config --get commit.template [14ms]
2024-03-24 10:49:53.669 [info] > git for-each-ref --format=%(refname)%00%(upstream:short)%00%(objectname)%00%(upstream:track)%00%(upstream:remotename)%00%(upstream:remoteref) refs/heads/main refs/remotes/main [2ms]
2024-03-24 10:49:53.680 [info] > git status -z -uall [1ms]
2024-03-24 10:49:58.703 [info] > git config --get commit.template [5ms]
2024-03-24 10:49:58.851 [info] > git for-each-ref --format=%(refname)%00%(upstream:short)%00%(objectname)%00%(upstream:track)%00%(upstream:remotename)%00%(upstream:remoteref) refs/heads/main refs/remotes/main [137ms]
2024-03-24 10:49:58.895 [info] > git status -z -uall [4ms]
2024-03-24 10:50:03.932 [info] > git config --get commit.template [16ms]
2024-03-24 10:50:03.934 [info] > git for-each-ref --format=%(refname)%00%(upstream:short)%00%(objectname)%00%(upstream:track)%00%(upstream:remotename)%00%(upstream:remoteref) refs/heads/main refs/remotes/main [2ms]
2024-03-24 10:50:03.947 [info] > git status -z -uall [2ms]
2024-03-24 10:50:08.991 [info] > git config --get commit.template [16ms]
2024-03-24 10:50:08.992 [info] > git for-each-ref --format=%(refname)%00%(upstream:short)%00%(objectname)%00%(upstream:track)%00%(upstream:remotename)%00%(upstream:remoteref) refs/heads/main refs/remotes/main [2ms]
2024-03-24 10:50:09.007 [info] > git status -z -uall [2ms]
2024-03-24 10:52:46.684 [info] > git config --get commit.template [21ms]
2024-03-24 10:52:46.684 [info] > git for-each-ref --format=%(refname)%00%(upstream:short)%00%(objectname)%00%(upstream:track)%00%(upstream:remotename)%00%(upstream:remoteref) refs/heads/main refs/remotes/main [2ms]
2024-03-24 10:52:46.698 [info] > git status -z -uall [2ms]
2024-03-24 10:52:53.802 [info] > git config --get commit.template [3ms]
2024-03-24 10:52:53.815 [info] > git for-each-ref --format=%(refname)%00%(upstream:short)%00%(objectname)%00%(upstream:track)%00%(upstream:remotename)%00%(upstream:remoteref) refs/heads/main refs/remotes/main [1ms]
2024-03-24 10:52:53.827 [info] > git status -z -uall [2ms]
2024-03-24 10:53:02.848 [info] > git config --get commit.template [2ms]
2024-03-24 10:53:02.858 [info] > git for-each-ref --format=%(refname)%00%(upstream:short)%00%(objectname)%00%(upstream:track)%00%(upstream:remotename)%00%(upstream:remoteref) refs/heads/main refs/remotes/main [1ms]
2024-03-24 10:53:02.870 [info] > git status -z -uall [1ms]
2024-03-24 10:53:13.012 [info] > git config --get commit.template [14ms]
2024-03-24 10:53:13.012 [info] > git for-each-ref --format=%(refname)%00%(upstream:short)%00%(objectname)%00%(upstream:track)%00%(upstream:remotename)%00%(upstream:remoteref) refs/heads/main refs/remotes/main [2ms]
2024-03-24 10:53:13.026 [info] > git status -z -uall [2ms]
2024-03-24 10:53:18.069 [info] > git config --get commit.template [3ms]
2024-03-24 10:53:18.086 [info] > git for-each-ref --format=%(refname)%00%(upstream:short)%00%(objectname)%00%(upstream:track)%00%(upstream:remotename)%00%(upstream:remoteref) refs/heads/main refs/remotes/main [2ms]
2024-03-24 10:53:18.099 [info] > git status -z -uall [3ms]
2024-03-24 10:53:38.681 [info] > git config --get commit.template [18ms]
2024-03-24 10:53:38.684 [info] > git for-each-ref --format=%(refname)%00%(upstream:short)%00%(objectname)%00%(upstream:track)%00%(upstream:remotename)%00%(upstream:remoteref) refs/heads/main refs/remotes/main [4ms]
2024-03-24 10:53:38.702 [info] > git status -z -uall [1ms]
2024-03-24 10:53:44.746 [info] > git config --get commit.template [14ms]
2024-03-24 10:53:44.746 [info] > git for-each-ref --format=%(refname)%00%(upstream:short)%00%(objectname)%00%(upstream:track)%00%(upstream:remotename)%00%(upstream:remoteref) refs/heads/main refs/remotes/main [2ms]
2024-03-24 10:53:44.761 [info] > git status -z -uall [2ms]
2024-03-24 10:54:01.100 [info] > git config --get commit.template [6ms]
2024-03-24 10:54:01.115 [info] > git for-each-ref --format=%(refname)%00%(upstream:short)%00%(objectname)%00%(upstream:track)%00%(upstream:remotename)%00%(upstream:remoteref) refs/heads/main refs/remotes/main [2ms]
2024-03-24 10:54:01.129 [info] > git status -z -uall [1ms]
2024-03-24 10:54:06.183 [info] > git config --get commit.template [6ms]
2024-03-24 10:54:06.202 [info] > git for-each-ref --format=%(refname)%00%(upstream:short)%00%(objectname)%00%(upstream:track)%00%(upstream:remotename)%00%(upstream:remoteref) refs/heads/main refs/remotes/main [2ms]
2024-03-24 10:54:06.218 [info] > git status -z -uall [2ms]
2024-03-24 10:54:13.651 [info] > git config --get commit.template [18ms]
2024-03-24 10:54:13.653 [info] > git for-each-ref --format=%(refname)%00%(upstream:short)%00%(objectname)%00%(upstream:track)%00%(upstream:remotename)%00%(upstream:remoteref) refs/heads/main refs/remotes/main [4ms]
2024-03-24 10:54:13.667 [info] > git status -z -uall [1ms]
2024-03-24 10:54:19.007 [info] > git config --get commit.template [4ms]
2024-03-24 10:54:19.024 [info] > git for-each-ref --format=%(refname)%00%(upstream:short)%00%(objectname)%00%(upstream:track)%00%(upstream:remotename)%00%(upstream:remoteref) refs/heads/main refs/remotes/main [4ms]
2024-03-24 10:54:19.043 [info] > git status -z -uall [2ms]
2024-03-24 10:54:24.070 [info] > git config --get commit.template [2ms]
2024-03-24 10:54:24.083 [info] > git for-each-ref --format=%(refname)%00%(upstream:short)%00%(objectname)%00%(upstream:track)%00%(upstream:remotename)%00%(upstream:remoteref) refs/heads/main refs/remotes/main [2ms]
2024-03-24 10:54:24.096 [info] > git status -z -uall [2ms]
2024-03-24 10:55:54.146 [info] > git config --get commit.template [18ms]
2024-03-24 10:55:54.148 [info] > git for-each-ref --format=%(refname)%00%(upstream:short)%00%(objectname)%00%(upstream:track)%00%(upstream:remotename)%00%(upstream:remoteref) refs/heads/main refs/remotes/main [2ms]
2024-03-24 10:55:54.164 [info] > git status -z -uall [4ms]
2024-03-24 10:55:59.214 [info] > git config --get commit.template [17ms]
2024-03-24 10:55:59.215 [info] > git for-each-ref --format=%(refname)%00%(upstream:short)%00%(objectname)%00%(upstream:track)%00%(upstream:remotename)%00%(upstream:remoteref) refs/heads/main refs/remotes/main [2ms]
2024-03-24 10:55:59.227 [info] > git status -z -uall [1ms]
2024-03-24 10:56:04.277 [info] > git config --get commit.template [12ms]
2024-03-24 10:56:04.278 [info] > git for-each-ref --format=%(refname)%00%(upstream:short)%00%(objectname)%00%(upstream:track)%00%(upstream:remotename)%00%(upstream:remoteref) refs/heads/main refs/remotes/main [1ms]
2024-03-24 10:56:04.292 [info] > git status -z -uall [2ms]
2024-03-24 11:02:52.962 [info] > git for-each-ref --format=%(refname)%00%(upstream:short)%00%(objectname)%00%(upstream:track)%00%(upstream:remotename)%00%(upstream:remoteref) refs/heads/main refs/remotes/main [1ms]
2024-03-24 11:02:52.963 [info] > git config --get commit.template [20ms]
2024-03-24 11:02:52.976 [info] > git status -z -uall [1ms]
2024-03-24 11:03:00.503 [info] > git config --get commit.template [24ms]
2024-03-24 11:03:00.506 [info] > git for-each-ref --format=%(refname)%00%(upstream:short)%00%(objectname)%00%(upstream:track)%00%(upstream:remotename)%00%(upstream:remoteref) refs/heads/main refs/remotes/main [6ms]
2024-03-24 11:03:00.526 [info] > git status -z -uall [2ms]
2024-03-24 11:03:05.560 [info] > git config --get commit.template [3ms]
2024-03-24 11:03:05.587 [info] > git for-each-ref --format=%(refname)%00%(upstream:short)%00%(objectname)%00%(upstream:track)%00%(upstream:remotename)%00%(upstream:remoteref) refs/heads/main refs/remotes/main [3ms]
2024-03-24 11:03:05.601 [info] > git status -z -uall [1ms]
2024-03-24 11:03:10.645 [info] > git config --get commit.template [17ms]
2024-03-24 11:03:10.645 [info] > git for-each-ref --format=%(refname)%00%(upstream:short)%00%(objectname)%00%(upstream:track)%00%(upstream:remotename)%00%(upstream:remoteref) refs/heads/main refs/remotes/main [2ms]
2024-03-24 11:03:10.657 [info] > git status -z -uall [1ms]
2024-03-24 11:03:15.687 [info] > git config --get commit.template [14ms]
2024-03-24 11:03:15.688 [info] > git for-each-ref --format=%(refname)%00%(upstream:short)%00%(objectname)%00%(upstream:track)%00%(upstream:remotename)%00%(upstream:remoteref) refs/heads/main refs/remotes/main [1ms]
2024-03-24 11:03:15.705 [info] > git status -z -uall [1ms]
2024-03-24 11:03:58.679 [info] > git config --get commit.template [13ms]
2024-03-24 11:03:58.679 [info] > git for-each-ref --format=%(refname)%00%(upstream:short)%00%(objectname)%00%(upstream:track)%00%(upstream:remotename)%00%(upstream:remoteref) refs/heads/main refs/remotes/main [2ms]
2024-03-24 11:03:58.691 [info] > git status -z -uall [1ms]
2024-03-24 11:04:13.290 [info] > git config --get commit.template [12ms]
2024-03-24 11:04:13.291 [info] > git for-each-ref --format=%(refname)%00%(upstream:short)%00%(objectname)%00%(upstream:track)%00%(upstream:remotename)%00%(upstream:remoteref) refs/heads/main refs/remotes/main [2ms]
2024-03-24 11:04:13.303 [info] > git status -z -uall [2ms]
2024-03-24 11:05:46.621 [info] > git for-each-ref --format=%(refname)%00%(upstream:short)%00%(objectname)%00%(upstream:track)%00%(upstream:remotename)%00%(upstream:remoteref) refs/heads/main refs/remotes/main [26ms]
2024-03-24 11:05:46.641 [info] > git config --get commit.template [60ms]
2024-03-24 11:05:46.657 [info] > git status -z -uall [1ms]
2024-03-24 11:06:06.007 [info] > git config --get commit.template [1ms]
2024-03-24 11:06:06.032 [info] > git for-each-ref --format=%(refname)%00%(upstream:short)%00%(objectname)%00%(upstream:track)%00%(upstream:remotename)%00%(upstream:remoteref) refs/heads/main refs/remotes/main [2ms]
2024-03-24 11:06:06.057 [info] > git status -z -uall [2ms]
2024-03-24 11:06:35.508 [info] > git config --get commit.template [2ms]
2024-03-24 11:06:35.532 [info] > git for-each-ref --format=%(refname)%00%(upstream:short)%00%(objectname)%00%(upstream:track)%00%(upstream:remotename)%00%(upstream:remoteref) refs/heads/main refs/remotes/main [2ms]
2024-03-24 11:06:35.548 [info] > git status -z -uall [2ms]
2024-03-24 12:39:54.577 [info] > git config --get commit.template [39ms]
2024-03-24 12:39:54.578 [info] > git for-each-ref --format=%(refname)%00%(upstream:short)%00%(objectname)%00%(upstream:track)%00%(upstream:remotename)%00%(upstream:remoteref) refs/heads/main refs/remotes/main [1ms]
2024-03-24 12:39:54.589 [info] > git status -z -uall [1ms]
2024-03-24 12:41:48.827 [info] > git config --get commit.template [19ms]
2024-03-24 12:41:48.828 [info] > git for-each-ref --format=%(refname)%00%(upstream:short)%00%(objectname)%00%(upstream:track)%00%(upstream:remotename)%00%(upstream:remoteref) refs/heads/main refs/remotes/main [3ms]
2024-03-24 12:41:48.843 [info] > git status -z -uall [1ms]
2024-03-24 12:41:53.888 [info] > git config --get commit.template [14ms]
2024-03-24 12:41:53.889 [info] > git for-each-ref --format=%(refname)%00%(upstream:short)%00%(objectname)%00%(upstream:track)%00%(upstream:remotename)%00%(upstream:remoteref) refs/heads/main refs/remotes/main [2ms]
2024-03-24 12:41:53.900 [info] > git status -z -uall [1ms]
2024-03-24 12:41:58.967 [info] > git config --get commit.template [32ms]
2024-03-24 12:41:58.968 [info] > git for-each-ref --format=%(refname)%00%(upstream:short)%00%(objectname)%00%(upstream:track)%00%(upstream:remotename)%00%(upstream:remoteref) refs/heads/main refs/remotes/main [4ms]
2024-03-24 12:41:58.994 [info] > git status -z -uall [2ms]
2024-03-24 12:42:07.675 [info] > git config --get commit.template [16ms]
2024-03-24 12:42:07.676 [info] > git for-each-ref --format=%(refname)%00%(upstream:short)%00%(objectname)%00%(upstream:track)%00%(upstream:remotename)%00%(upstream:remoteref) refs/heads/main refs/remotes/main [2ms]
2024-03-24 12:42:07.689 [info] > git status -z -uall [1ms]
2024-03-24 12:42:12.756 [info] > git config --get commit.template [15ms]
2024-03-24 12:42:12.756 [info] > git for-each-ref --format=%(refname)%00%(upstream:short)%00%(objectname)%00%(upstream:track)%00%(upstream:remotename)%00%(upstream:remoteref) refs/heads/main refs/remotes/main [2ms]
2024-03-24 12:42:12.773 [info] > git status -z -uall [1ms]
2024-03-24 12:44:04.032 [info] > git config --get commit.template [18ms]
2024-03-24 12:44:04.037 [info] > git for-each-ref --format=%(refname)%00%(upstream:short)%00%(objectname)%00%(upstream:track)%00%(upstream:remotename)%00%(upstream:remoteref) refs/heads/main refs/remotes/main [6ms]
2024-03-24 12:44:04.060 [info] > git status -z -uall [1ms]
2024-03-24 12:44:26.342 [info] > git config --get commit.template [14ms]
2024-03-24 12:44:26.343 [info] > git for-each-ref --format=%(refname)%00%(upstream:short)%00%(objectname)%00%(upstream:track)%00%(upstream:remotename)%00%(upstream:remoteref) refs/heads/main refs/remotes/main [2ms]
2024-03-24 12:44:26.355 [info] > git status -z -uall [1ms]
2024-03-24 12:44:39.189 [info] > git config --get commit.template [1ms]
2024-03-24 12:44:39.201 [info] > git for-each-ref --format=%(refname)%00%(upstream:short)%00%(objectname)%00%(upstream:track)%00%(upstream:remotename)%00%(upstream:remoteref) refs/heads/main refs/remotes/main [1ms]
2024-03-24 12:44:39.215 [info] > git status -z -uall [2ms]
2024-03-24 12:44:44.257 [info] > git config --get commit.template [14ms]
2024-03-24 12:44:44.257 [info] > git for-each-ref --format=%(refname)%00%(upstream:short)%00%(objectname)%00%(upstream:track)%00%(upstream:remotename)%00%(upstream:remoteref) refs/heads/main refs/remotes/main [2ms]
2024-03-24 12:44:44.270 [info] > git status -z -uall [1ms]
2024-03-24 12:44:49.631 [info] > git config --get commit.template [14ms]
2024-03-24 12:44:49.632 [info] > git for-each-ref --format=%(refname)%00%(upstream:short)%00%(objectname)%00%(upstream:track)%00%(upstream:remotename)%00%(upstream:remoteref) refs/heads/main refs/remotes/main [2ms]
2024-03-24 12:44:49.644 [info] > git status -z -uall [1ms]
2024-03-24 12:44:55.573 [info] > git config --get commit.template [15ms]
2024-03-24 12:44:55.574 [info] > git for-each-ref --format=%(refname)%00%(upstream:short)%00%(objectname)%00%(upstream:track)%00%(upstream:remotename)%00%(upstream:remoteref) refs/heads/main refs/remotes/main [2ms]
2024-03-24 12:44:55.586 [info] > git status -z -uall [1ms]
2024-03-24 12:45:00.831 [info] > git config --get commit.template [12ms]
2024-03-24 12:45:00.832 [info] > git for-each-ref --format=%(refname)%00%(upstream:short)%00%(objectname)%00%(upstream:track)%00%(upstream:remotename)%00%(upstream:remoteref) refs/heads/main refs/remotes/main [2ms]
2024-03-24 12:45:00.844 [info] > git status -z -uall [1ms]
2024-03-24 12:45:06.284 [info] > git config --get commit.template [2ms]
2024-03-24 12:45:06.298 [info] > git for-each-ref --format=%(refname)%00%(upstream:short)%00%(objectname)%00%(upstream:track)%00%(upstream:remotename)%00%(upstream:remoteref) refs/heads/main refs/remotes/main [2ms]
2024-03-24 12:45:06.312 [info] > git status -z -uall [2ms]
2024-03-24 12:45:11.347 [info] > git config --get commit.template [14ms]
2024-03-24 12:45:11.348 [info] > git for-each-ref --format=%(refname)%00%(upstream:short)%00%(objectname)%00%(upstream:track)%00%(upstream:remotename)%00%(upstream:remoteref) refs/heads/main refs/remotes/main [3ms]
2024-03-24 12:45:11.360 [info] > git status -z -uall [1ms]
2024-03-24 12:45:19.610 [info] > git config --get commit.template [16ms]
2024-03-24 12:45:19.610 [info] > git for-each-ref --format=%(refname)%00%(upstream:short)%00%(objectname)%00%(upstream:track)%00%(upstream:remotename)%00%(upstream:remoteref) refs/heads/main refs/remotes/main [2ms]
2024-03-24 12:45:19.622 [info] > git status -z -uall [2ms]
2024-03-24 12:46:15.082 [info] > git config --get commit.template [13ms]
2024-03-24 12:46:15.083 [info] > git for-each-ref --format=%(refname)%00%(upstream:short)%00%(objectname)%00%(upstream:track)%00%(upstream:remotename)%00%(upstream:remoteref) refs/heads/main refs/remotes/main [2ms]
2024-03-24 12:46:15.095 [info] > git status -z -uall [1ms]
2024-03-24 12:46:27.262 [info] > git config --get commit.template [39ms]
2024-03-24 12:46:27.263 [info] > git for-each-ref --format=%(refname)%00%(upstream:short)%00%(objectname)%00%(upstream:track)%00%(upstream:remotename)%00%(upstream:remoteref) refs/heads/main refs/remotes/main [4ms]
2024-03-24 12:46:27.279 [info] > git status -z -uall [1ms]
2024-03-24 12:46:34.068 [info] > git config --get commit.template [1ms]
2024-03-24 12:46:34.078 [info] > git for-each-ref --format=%(refname)%00%(upstream:short)%00%(objectname)%00%(upstream:track)%00%(upstream:remotename)%00%(upstream:remoteref) refs/heads/main refs/remotes/main [1ms]
2024-03-24 12:46:34.090 [info] > git status -z -uall [2ms]
2024-03-24 12:46:42.574 [info] > git config --get commit.template [15ms]
2024-03-24 12:46:42.575 [info] > git for-each-ref --format=%(refname)%00%(upstream:short)%00%(objectname)%00%(upstream:track)%00%(upstream:remotename)%00%(upstream:remoteref) refs/heads/main refs/remotes/main [2ms]
2024-03-24 12:46:42.587 [info] > git status -z -uall [1ms]
2024-03-24 12:46:47.632 [info] > git config --get commit.template [16ms]
2024-03-24 12:46:47.632 [info] > git for-each-ref --format=%(refname)%00%(upstream:short)%00%(objectname)%00%(upstream:track)%00%(upstream:remotename)%00%(upstream:remoteref) refs/heads/main refs/remotes/main [2ms]
2024-03-24 12:46:47.645 [info] > git status -z -uall [1ms]
2024-03-24 12:47:26.813 [info] > git config --get commit.template [15ms]
2024-03-24 12:47:26.814 [info] > git for-each-ref --format=%(refname)%00%(upstream:short)%00%(objectname)%00%(upstream:track)%00%(upstream:remotename)%00%(upstream:remoteref) refs/heads/main refs/remotes/main [2ms]
2024-03-24 12:47:26.830 [info] > git status -z -uall [2ms]
2024-03-24 12:49:17.951 [info] > git for-each-ref --format=%(refname)%00%(upstream:short)%00%(objectname)%00%(upstream:track)%00%(upstream:remotename)%00%(upstream:remoteref) refs/heads/main refs/remotes/main [8ms]
2024-03-24 12:49:17.952 [info] > git config --get commit.template [22ms]
2024-03-24 12:49:17.975 [info] > git status -z -uall [2ms]
2024-03-24 12:49:23.001 [info] > git config --get commit.template [3ms]
2024-03-24 12:49:23.014 [info] > git for-each-ref --format=%(refname)%00%(upstream:short)%00%(objectname)%00%(upstream:track)%00%(upstream:remotename)%00%(upstream:remoteref) refs/heads/main refs/remotes/main [1ms]
2024-03-24 12:49:23.024 [info] > git status -z -uall [1ms]
2024-03-24 14:39:04.674 [info] > git check-ignore -v -z --stdin [19ms]
2024-03-24 14:40:05.576 [info] > git check-ignore -v -z --stdin [1ms]
2024-03-24 14:48:44.096 [info] > git config --get commit.template [27ms]
2024-03-24 14:48:44.105 [info] > git for-each-ref --format=%(refname)%00%(upstream:short)%00%(objectname)%00%(upstream:track)%00%(upstream:remotename)%00%(upstream:remoteref) refs/heads/main refs/remotes/main [11ms]
2024-03-24 14:48:44.125 [info] > git status -z -uall [6ms]
2024-03-24 14:48:49.147 [info] > git config --get commit.template [3ms]
2024-03-24 14:48:49.159 [info] > git for-each-ref --format=%(refname)%00%(upstream:short)%00%(objectname)%00%(upstream:track)%00%(upstream:remotename)%00%(upstream:remoteref) refs/heads/main refs/remotes/main [3ms]
2024-03-24 14:48:49.169 [info] > git status -z -uall [1ms]
2024-03-24 14:49:04.811 [info] > git check-ignore -v -z --stdin [5ms]
2024-03-24 14:49:28.121 [info] > git config --get commit.template [13ms]
2024-03-24 14:49:28.126 [info] > git for-each-ref --format=%(refname)%00%(upstream:short)%00%(objectname)%00%(upstream:track)%00%(upstream:remotename)%00%(upstream:remoteref) refs/heads/main refs/remotes/main [6ms]
2024-03-24 14:49:28.144 [info] > git status -z -uall [2ms]
2024-03-24 14:49:56.708 [info] > git config --get commit.template [11ms]
2024-03-24 14:49:56.723 [info] > git for-each-ref --format=%(refname)%00%(upstream:short)%00%(objectname)%00%(upstream:track)%00%(upstream:remotename)%00%(upstream:remoteref) refs/heads/main refs/remotes/main [1ms]
2024-03-24 14:49:56.739 [info] > git status -z -uall [2ms]
2024-03-24 14:50:21.390 [info] > git show --textconv :html-css/index.html [12ms]
2024-03-24 14:50:21.392 [info] > git ls-files --stage -- /home/sachio/coachtech/html-css/index.html [4ms]
2024-03-24 14:50:21.405 [info] > git cat-file -s 90581f34fc59c174e3b1184f8376456a332b7ef8 [2ms]
2024-03-24 14:50:23.017 [info] > git show --textconv :html-css/20240320_okuizumi/index.html [26ms]
2024-03-24 14:50:23.021 [info] > git ls-files --stage -- /home/sachio/coachtech/html-css/20240320_okuizumi/index.html [16ms]
2024-03-24 14:50:23.660 [info] > git show --textconv :html-css/20240320_okuizumi/detail.html [12ms]
2024-03-24 14:50:23.661 [info] > git ls-files --stage -- /home/sachio/coachtech/html-css/20240320_okuizumi/detail.html [2ms]
2024-03-24 14:50:24.625 [info] > git show --textconv :html-css/0-11/detail.html [36ms]
2024-03-24 14:50:24.636 [info] > git ls-files --stage -- /home/sachio/coachtech/html-css/0-11/detail.html [12ms]
2024-03-24 14:50:24.659 [info] > git cat-file -s 4b9c74a6bb281c3c4adc778bb96831cf4f854061 [2ms]
