2024-03-13 22:39:28.265 [info] Extension host with pid 573 started
2024-03-13 22:39:28.266 [error] Error: EEXIST: file already exists, open '/home/sachio/.vscode-server/data/User/workspaceStorage/daeb2737d6f53d850bc7d29e1c06be5b/vscode.lock'
2024-03-13 22:39:28.374 [info] Lock '/home/sachio/.vscode-server/data/User/workspaceStorage/daeb2737d6f53d850bc7d29e1c06be5b/vscode.lock': Could not acquire lock, checking if the file is stale.
2024-03-13 22:39:28.403 [info] ExtensionService#_doActivateExtension HTMLHint.vscode-htmlhint, startup: false, activationEvent: 'onFileSystem:file'
2024-03-13 22:39:28.405 [info] ExtensionService#_doActivateExtension vscode.emmet, startup: false, activationEvent: 'onLanguage'
2024-03-13 22:39:28.406 [info] ExtensionService#_doActivateExtension vscode.html-language-features, startup: false, activationEvent: 'onLanguage:html'
2024-03-13 22:39:28.692 [info] Lock '/home/sachio/.vscode-server/data/User/workspaceStorage/daeb2737d6f53d850bc7d29e1c06be5b/vscode.lock': The pid 568 appears to be gone.
2024-03-13 22:39:28.693 [info] Lock '/home/sachio/.vscode-server/data/User/workspaceStorage/daeb2737d6f53d850bc7d29e1c06be5b/vscode.lock': Deleting a stale lock.
2024-03-13 22:39:29.413 [info] ExtensionService#_doActivateExtension vscode.git-base, startup: true, activationEvent: '*', root cause: vscode.git
2024-03-13 22:39:29.414 [info] ExtensionService#_doActivateExtension mosapride.zenkaku, startup: true, activationEvent: '*'
2024-03-13 22:39:29.414 [info] ExtensionService#_doActivateExtension oderwat.indent-rainbow, startup: true, activationEvent: '*'
2024-03-13 22:39:29.544 [info] Lock '/home/sachio/.vscode-server/data/User/workspaceStorage/daeb2737d6f53d850bc7d29e1c06be5b/vscode.lock': Lock acquired.
2024-03-13 22:39:29.968 [info] ExtensionService#_doActivateExtension vscode.git, startup: true, activationEvent: '*'
2024-03-13 22:39:29.968 [info] ExtensionService#_doActivateExtension vscode.github, startup: true, activationEvent: '*'
2024-03-13 22:39:31.318 [info] Eager extensions activated
2024-03-13 22:39:31.319 [info] ExtensionService#_doActivateExtension vscode.debug-auto-launch, startup: false, activationEvent: 'onStartupFinished'
2024-03-13 22:39:31.320 [info] ExtensionService#_doActivateExtension vscode.merge-conflict, startup: false, activationEvent: 'onStartupFinished'
2024-03-13 22:39:31.320 [info] ExtensionService#_doActivateExtension esbenp.prettier-vscode, startup: false, activationEvent: 'onStartupFinished'
2024-03-13 22:39:31.332 [info] ExtensionService#_doActivateExtension ionutvmi.path-autocomplete, startup: false, activationEvent: 'onStartupFinished'
2024-03-13 22:39:31.333 [info] ExtensionService#_doActivateExtension ritwickdey.LiveServer, startup: false, activationEvent: 'onStartupFinished'
2024-03-13 22:39:31.333 [info] ExtensionService#_doActivateExtension shardulm94.trailing-spaces, startup: false, activationEvent: 'onStartupFinished'
2024-03-13 22:39:31.333 [info] ExtensionService#_doActivateExtension streetsidesoftware.code-spell-checker, startup: false, activationEvent: 'onStartupFinished'
2024-03-13 23:52:34.622 [info] Extension host terminating: received terminate message from renderer
2024-03-13 23:52:34.625 [info] Lock '/home/sachio/.vscode-server/data/User/workspaceStorage/daeb2737d6f53d850bc7d29e1c06be5b/vscode.lock': Marking the lockfile as scheduled to be released in 6000 ms.
2024-03-13 23:52:34.878 [info] Extension host with pid 573 exiting with code 0
