2024-03-24 16:13:53.117 [info] ログ レベル: Info
2024-03-24 16:13:53.117 [info] Git の検証が検出されました: "git"
2024-03-24 16:13:53.117 [info] "git" から Git "2.34.1" を使用しています
2024-03-24 16:13:53.117 [info] > git rev-parse --show-toplevel [218ms]
2024-03-24 16:13:53.117 [info] > git rev-parse --git-dir --git-common-dir [267ms]
2024-03-24 16:13:53.117 [info] Open repository: /home/sachio/coachtech
2024-03-24 16:13:53.119 [info] > git rev-parse --show-toplevel [16ms]
2024-03-24 16:13:53.121 [info] > git config --get commit.template [35ms]
2024-03-24 16:13:53.177 [info] > git rev-parse --show-toplevel [38ms]
2024-03-24 16:13:53.184 [info] > git for-each-ref --format=%(refname)%00%(upstream:short)%00%(objectname)%00%(upstream:track)%00%(upstream:remotename)%00%(upstream:remoteref) refs/heads/main refs/remotes/main [17ms]
2024-03-24 16:13:53.206 [info] > git status -z -uall [8ms]
2024-03-24 16:13:53.309 [info] > git config --get commit.template [13ms]
2024-03-24 16:13:53.350 [info] > git for-each-ref --format=%(refname)%00%(upstream:short)%00%(objectname)%00%(upstream:track)%00%(upstream:remotename)%00%(upstream:remoteref) refs/heads/main refs/remotes/main [5ms]
2024-03-24 16:13:53.395 [info] > git status -z -uall [24ms]
2024-03-24 16:13:53.639 [info] > git check-ignore -v -z --stdin [3ms]
2024-03-24 16:13:57.258 [info] > git show --textconv :html-css/index.html [346ms]
2024-03-24 16:13:57.258 [info] > git ls-files --stage -- /home/sachio/coachtech/html-css/index.html [336ms]
2024-03-24 16:13:57.272 [info] > git cat-file -s 90581f34fc59c174e3b1184f8376456a332b7ef8 [6ms]
2024-03-24 16:13:59.399 [info] > git show --textconv :html-css/detail.html [22ms]
2024-03-24 16:13:59.400 [info] > git ls-files --stage -- /home/sachio/coachtech/html-css/detail.html [6ms]
2024-03-24 16:13:59.432 [info] > git cat-file -s b1d12c2f8acbf657a4d1878ee6b59872b4167ffd [3ms]
2024-03-24 16:14:02.258 [info] > git check-ignore -v -z --stdin [5ms]
2024-03-24 16:14:04.074 [info] > git check-ignore -v -z --stdin [5ms]
2024-03-24 16:14:05.772 [info] > git show --textconv :20240324_okuizumi_html/index.html [19ms]
2024-03-24 16:14:05.772 [info] > git ls-files --stage -- /home/sachio/coachtech/20240324_okuizumi_html/index.html [3ms]
2024-03-24 16:14:13.914 [info] > git show --textconv :20240324_okuizumi_html/detail.html [21ms]
2024-03-24 16:14:13.915 [info] > git ls-files --stage -- /home/sachio/coachtech/20240324_okuizumi_html/detail.html [5ms]
2024-03-24 16:14:15.011 [info] > git check-ignore -v -z --stdin [2ms]
2024-03-24 16:14:18.727 [info] > git show --textconv :20240324_okuizumi_html/index.html [28ms]
2024-03-24 16:14:18.727 [info] > git ls-files --stage -- /home/sachio/coachtech/20240324_okuizumi_html/index.html [4ms]
