2024-03-26 20:32:31.605 [info] ログ レベル: Info
2024-03-26 20:32:31.605 [info] Git の検証が検出されました: "git"
2024-03-26 20:32:31.605 [info] "git" から Git "2.34.1" を使用しています
2024-03-26 20:32:31.605 [info] > git rev-parse --show-toplevel [226ms]
2024-03-26 20:32:31.620 [info] > git rev-parse --show-toplevel [18ms]
2024-03-26 20:32:31.639 [info] > git rev-parse --git-dir --git-common-dir [11ms]
2024-03-26 20:32:31.676 [info] Open repository: /home/sachio/coachtech/html-css/20240323_okuizumi_html
2024-03-26 20:32:31.737 [info] > git rev-parse --show-toplevel [12ms]
2024-03-26 20:32:31.739 [info] > git config --get commit.template [32ms]
2024-03-26 20:32:31.793 [info] > git for-each-ref --format=%(refname)%00%(upstream:short)%00%(objectname)%00%(upstream:track)%00%(upstream:remotename)%00%(upstream:remoteref) refs/heads/main refs/remotes/main [29ms]
2024-03-26 20:32:31.822 [info] > git rev-parse --show-toplevel [46ms]
2024-03-26 20:32:31.867 [info] > git status -z -uall [59ms]
2024-03-26 20:32:31.893 [info] > git rev-parse --show-toplevel [56ms]
2024-03-26 20:32:31.898 [info] > git log --format=%H%n%aN%n%aE%n%at%n%ct%n%P%n%D%n%B -z -n442 --follow -- /home/sachio/coachtech/html-css/20240323_okuizumi_html/index.html [40ms]
2024-03-26 20:32:32.025 [info] > git config --get commit.template [27ms]
2024-03-26 20:32:32.050 [info] > git rev-parse --show-toplevel [25ms]
2024-03-26 20:32:32.064 [info] > git for-each-ref --format=%(refname)%00%(upstream:short)%00%(objectname)%00%(upstream:track)%00%(upstream:remotename)%00%(upstream:remoteref) refs/heads/main refs/remotes/main [15ms]
2024-03-26 20:32:32.091 [info] > git status -z -uall [1ms]
2024-03-26 20:32:32.204 [info] > git rev-list --count b9402fffb4e3dae2a90904a5b8d4396f65abdf8a.. -- /home/sachio/coachtech/html-css/20240323_okuizumi_html/index.html [9ms]
2024-03-26 20:32:32.214 [info] > git log --format=%H%n%aN%n%aE%n%at%n%ct%n%P%n%D%n%B -z -n2 --follow -- /home/sachio/coachtech/html-css/20240323_okuizumi_html/index.html [3ms]
2024-03-26 20:32:32.326 [info] > git check-ignore -v -z --stdin [26ms]
2024-03-26 20:32:32.329 [info] > git show --textconv :index.html [11ms]
2024-03-26 20:32:32.332 [info] > git ls-files --stage -- /home/sachio/coachtech/html-css/20240323_okuizumi_html/index.html [8ms]
2024-03-26 20:32:32.340 [info] > git cat-file -s 31d3907f004bde1a2d621a253e50a1dc364381b5 [1ms]
2024-03-26 20:35:36.864 [info] > git config --get commit.template [17ms]
2024-03-26 20:35:36.865 [info] > git for-each-ref --format=%(refname)%00%(upstream:short)%00%(objectname)%00%(upstream:track)%00%(upstream:remotename)%00%(upstream:remoteref) refs/heads/main refs/remotes/main [4ms]
2024-03-26 20:35:36.875 [info] > git status -z -uall [2ms]
2024-03-26 20:38:14.271 [info] > git config --get commit.template [18ms]
2024-03-26 20:38:14.272 [info] > git for-each-ref --format=%(refname)%00%(upstream:short)%00%(objectname)%00%(upstream:track)%00%(upstream:remotename)%00%(upstream:remoteref) refs/heads/main refs/remotes/main [4ms]
2024-03-26 20:38:14.281 [info] > git status -z -uall [1ms]
2024-03-26 20:38:19.341 [info] > git config --get commit.template [22ms]
2024-03-26 20:38:19.343 [info] > git for-each-ref --format=%(refname)%00%(upstream:short)%00%(objectname)%00%(upstream:track)%00%(upstream:remotename)%00%(upstream:remoteref) refs/heads/main refs/remotes/main [4ms]
2024-03-26 20:38:19.357 [info] > git status -z -uall [2ms]
2024-03-26 20:38:24.412 [info] > git config --get commit.template [24ms]
2024-03-26 20:38:24.413 [info] > git for-each-ref --format=%(refname)%00%(upstream:short)%00%(objectname)%00%(upstream:track)%00%(upstream:remotename)%00%(upstream:remoteref) refs/heads/main refs/remotes/main [3ms]
2024-03-26 20:38:24.428 [info] > git status -z -uall [1ms]
2024-03-26 20:39:07.393 [info] > git config --get commit.template [34ms]
2024-03-26 20:39:07.394 [info] > git for-each-ref --format=%(refname)%00%(upstream:short)%00%(objectname)%00%(upstream:track)%00%(upstream:remotename)%00%(upstream:remoteref) refs/heads/main refs/remotes/main [4ms]
2024-03-26 20:39:07.423 [info] > git status -z -uall [2ms]
2024-03-26 20:44:12.181 [warning] Failed to get repository realpath for: "/home/sachio/coachtech/html-css/20240323_okuizumi_html - コピー/". Error: ENOENT: no such file or directory, realpath '/home/sachio/coachtech/html-css/20240323_okuizumi_html - コピー/'
