2024-03-13 22:39:34.381 [info] ログ レベル: Info
2024-03-13 22:39:34.381 [info] Git の検証が検出されました: "git"
2024-03-13 22:39:34.381 [info] "git" から Git "2.34.1" を使用しています
2024-03-13 22:39:34.381 [info] > git rev-parse --show-toplevel [702ms]
2024-03-13 22:39:34.381 [info] fatal: not a git repository (or any of the parent directories): .git
2024-03-13 22:39:34.381 [info] > git rev-parse --show-toplevel [53ms]
2024-03-13 22:39:34.381 [info] fatal: not a git repository (or any of the parent directories): .git
2024-03-13 22:39:34.431 [info] > git rev-parse --show-toplevel [14ms]
2024-03-13 22:39:34.431 [info] fatal: not a git repository (or any of the parent directories): .git
2024-03-13 22:46:10.506 [info] > git rev-parse --show-toplevel [38ms]
2024-03-13 22:46:10.506 [info] fatal: not a git repository (or any of the parent directories): .git
2024-03-13 22:46:12.775 [info] > git rev-parse --show-toplevel [15ms]
2024-03-13 22:46:12.776 [info] fatal: not a git repository (or any of the parent directories): .git
2024-03-13 22:46:15.149 [info] > git rev-parse --show-toplevel [2ms]
2024-03-13 22:46:15.149 [info] fatal: not a git repository (or any of the parent directories): .git
2024-03-13 22:46:17.745 [info] > git rev-parse --show-toplevel [2ms]
2024-03-13 22:46:17.746 [info] fatal: not a git repository (or any of the parent directories): .git
2024-03-13 22:46:30.936 [info] > git rev-parse --show-toplevel [7ms]
2024-03-13 22:46:30.936 [info] fatal: not a git repository (or any of the parent directories): .git
2024-03-13 22:46:56.309 [info] > git rev-parse --show-toplevel [8ms]
2024-03-13 22:46:56.309 [info] fatal: not a git repository (or any of the parent directories): .git
2024-03-13 22:47:16.878 [info] > git rev-parse --show-toplevel [4ms]
2024-03-13 22:47:16.878 [info] fatal: not a git repository (or any of the parent directories): .git
2024-03-13 23:16:25.741 [info] > git rev-parse --show-toplevel [10ms]
2024-03-13 23:16:25.741 [info] fatal: not a git repository (or any of the parent directories): .git
2024-03-13 23:16:28.134 [info] > git rev-parse --show-toplevel [5ms]
2024-03-13 23:16:28.134 [info] fatal: not a git repository (or any of the parent directories): .git
2024-03-13 23:16:29.510 [info] > git rev-parse --show-toplevel [3ms]
2024-03-13 23:16:29.510 [info] fatal: not a git repository (or any of the parent directories): .git
2024-03-13 23:16:30.430 [info] > git rev-parse --show-toplevel [3ms]
2024-03-13 23:16:30.430 [info] fatal: not a git repository (or any of the parent directories): .git
2024-03-13 23:16:41.442 [info] > git rev-parse --show-toplevel [9ms]
2024-03-13 23:16:41.442 [info] fatal: not a git repository (or any of the parent directories): .git
2024-03-13 23:16:46.576 [info] > git rev-parse --show-toplevel [10ms]
2024-03-13 23:16:46.576 [info] fatal: not a git repository (or any of the parent directories): .git
2024-03-13 23:17:58.519 [info] > git rev-parse --show-toplevel [16ms]
2024-03-13 23:17:58.519 [info] fatal: not a git repository (or any of the parent directories): .git
2024-03-13 23:18:26.745 [info] > git rev-parse --show-toplevel [4ms]
2024-03-13 23:18:26.745 [info] fatal: not a git repository (or any of the parent directories): .git
2024-03-13 23:19:04.336 [info] > git rev-parse --show-toplevel [13ms]
2024-03-13 23:19:04.336 [info] fatal: not a git repository (or any of the parent directories): .git
2024-03-13 23:20:06.073 [info] > git rev-parse --show-toplevel [12ms]
2024-03-13 23:20:06.073 [info] fatal: not a git repository (or any of the parent directories): .git
2024-03-13 23:20:57.605 [info] > git rev-parse --show-toplevel [20ms]
2024-03-13 23:20:57.605 [info] fatal: not a git repository (or any of the parent directories): .git
2024-03-13 23:23:19.171 [info] > git rev-parse --show-toplevel [4ms]
2024-03-13 23:23:19.171 [info] fatal: not a git repository (or any of the parent directories): .git
2024-03-13 23:23:40.485 [info] > git rev-parse --show-toplevel [2ms]
2024-03-13 23:23:40.485 [info] fatal: not a git repository (or any of the parent directories): .git
2024-03-13 23:24:29.787 [info] > git rev-parse --show-toplevel [9ms]
2024-03-13 23:24:29.787 [info] fatal: not a git repository (or any of the parent directories): .git
2024-03-13 23:25:39.294 [info] > git rev-parse --show-toplevel [5ms]
2024-03-13 23:25:39.294 [info] fatal: not a git repository (or any of the parent directories): .git
2024-03-13 23:25:45.041 [info] > git rev-parse --show-toplevel [3ms]
2024-03-13 23:25:45.041 [info] fatal: not a git repository (or any of the parent directories): .git
2024-03-13 23:26:45.008 [info] > git rev-parse --show-toplevel [10ms]
2024-03-13 23:26:45.008 [info] fatal: not a git repository (or any of the parent directories): .git
2024-03-13 23:27:19.779 [info] > git rev-parse --show-toplevel [3ms]
2024-03-13 23:27:19.779 [info] fatal: not a git repository (or any of the parent directories): .git
2024-03-13 23:31:14.256 [info] > git rev-parse --show-toplevel [11ms]
2024-03-13 23:31:14.256 [info] fatal: not a git repository (or any of the parent directories): .git
2024-03-13 23:31:29.145 [info] > git rev-parse --show-toplevel [4ms]
2024-03-13 23:31:29.145 [info] fatal: not a git repository (or any of the parent directories): .git
2024-03-13 23:39:55.082 [info] > git rev-parse --show-toplevel [61ms]
2024-03-13 23:39:55.082 [info] fatal: not a git repository (or any of the parent directories): .git
2024-03-13 23:41:57.604 [info] > git rev-parse --show-toplevel [4ms]
2024-03-13 23:41:57.604 [info] fatal: not a git repository (or any of the parent directories): .git
2024-03-13 23:42:03.591 [info] > git rev-parse --show-toplevel [3ms]
2024-03-13 23:42:03.591 [info] fatal: not a git repository (or any of the parent directories): .git
2024-03-13 23:44:09.844 [info] > git rev-parse --show-toplevel [11ms]
2024-03-13 23:44:09.844 [info] fatal: not a git repository (or any of the parent directories): .git
