2024-03-24 18:50:15.874 [info] Extension host with pid 787 started
2024-03-24 18:50:15.874 [error] Error: EEXIST: file already exists, open '/home/sachio/.vscode-server/data/User/workspaceStorage/daeb2737d6f53d850bc7d29e1c06be5b/vscode.lock'
2024-03-24 18:50:15.894 [info] Lock '/home/sachio/.vscode-server/data/User/workspaceStorage/daeb2737d6f53d850bc7d29e1c06be5b/vscode.lock': Could not acquire lock, checking if the file is stale.
2024-03-24 18:50:15.962 [info] ExtensionService#_doActivateExtension HTMLHint.vscode-htmlhint, startup: false, activationEvent: 'onFileSystem:file'
2024-03-24 18:50:15.975 [info] ExtensionService#_doActivateExtension vscode.emmet, startup: false, activationEvent: 'onLanguage'
2024-03-24 18:50:15.978 [info] ExtensionService#_doActivateExtension vscode.html-language-features, startup: false, activationEvent: 'onLanguage:html'
2024-03-24 18:50:16.097 [info] Lock '/home/sachio/.vscode-server/data/User/workspaceStorage/daeb2737d6f53d850bc7d29e1c06be5b/vscode.lock': The pid 551 appears to be gone.
2024-03-24 18:50:16.097 [info] Lock '/home/sachio/.vscode-server/data/User/workspaceStorage/daeb2737d6f53d850bc7d29e1c06be5b/vscode.lock': Deleting a stale lock.
2024-03-24 18:50:16.159 [info] Lock '/home/sachio/.vscode-server/data/User/workspaceStorage/daeb2737d6f53d850bc7d29e1c06be5b/vscode.lock': Lock acquired.
2024-03-24 18:50:16.979 [info] ExtensionService#_doActivateExtension vscode.git-base, startup: true, activationEvent: '*', root cause: vscode.git
2024-03-24 18:50:16.990 [info] ExtensionService#_doActivateExtension mosapride.zenkaku, startup: true, activationEvent: '*'
2024-03-24 18:50:16.990 [info] ExtensionService#_doActivateExtension oderwat.indent-rainbow, startup: true, activationEvent: '*'
2024-03-24 18:50:17.095 [info] ExtensionService#_doActivateExtension vscode.json-language-features, startup: false, activationEvent: 'onLanguage:jsonc'
2024-03-24 18:50:17.096 [info] ExtensionService#_doActivateExtension vscode.typescript-language-features, startup: false, activationEvent: 'onLanguage:jsonc'
2024-03-24 18:50:17.140 [info] ExtensionService#_doActivateExtension vscode.git, startup: true, activationEvent: '*'
2024-03-24 18:50:17.152 [info] ExtensionService#_doActivateExtension vscode.github, startup: true, activationEvent: '*'
2024-03-24 18:50:18.828 [info] Eager extensions activated
2024-03-24 18:50:18.828 [info] ExtensionService#_doActivateExtension vscode.debug-auto-launch, startup: false, activationEvent: 'onStartupFinished'
2024-03-24 18:50:18.829 [info] ExtensionService#_doActivateExtension vscode.merge-conflict, startup: false, activationEvent: 'onStartupFinished'
2024-03-24 18:50:18.830 [info] ExtensionService#_doActivateExtension esbenp.prettier-vscode, startup: false, activationEvent: 'onStartupFinished'
2024-03-24 18:50:18.830 [info] ExtensionService#_doActivateExtension ionutvmi.path-autocomplete, startup: false, activationEvent: 'onStartupFinished'
2024-03-24 18:50:18.830 [info] ExtensionService#_doActivateExtension ritwickdey.LiveServer, startup: false, activationEvent: 'onStartupFinished'
2024-03-24 18:50:18.830 [info] ExtensionService#_doActivateExtension shardulm94.trailing-spaces, startup: false, activationEvent: 'onStartupFinished'
2024-03-24 18:50:18.831 [info] ExtensionService#_doActivateExtension streetsidesoftware.code-spell-checker, startup: false, activationEvent: 'onStartupFinished'
2024-03-24 18:50:35.322 [info] ExtensionService#_doActivateExtension vscode.css-language-features, startup: false, activationEvent: 'onLanguage:css'
