2024-03-16 09:30:57.643 [info] Extension host with pid 566 started
2024-03-16 09:30:57.644 [error] Error: EEXIST: file already exists, open '/home/sachio/.vscode-server/data/User/workspaceStorage/f72b794f076998922e522d9aaf626a3d/vscode.lock'
2024-03-16 09:30:57.664 [info] Lock '/home/sachio/.vscode-server/data/User/workspaceStorage/f72b794f076998922e522d9aaf626a3d/vscode.lock': Could not acquire lock, checking if the file is stale.
2024-03-16 09:30:57.684 [info] Lock '/home/sachio/.vscode-server/data/User/workspaceStorage/f72b794f076998922e522d9aaf626a3d/vscode.lock': The lock looks stale, waiting for 2s.
2024-03-16 09:30:57.751 [info] ExtensionService#_doActivateExtension HTMLHint.vscode-htmlhint, startup: false, activationEvent: 'onFileSystem:file'
2024-03-16 09:30:57.763 [info] ExtensionService#_doActivateExtension vscode.emmet, startup: false, activationEvent: 'onLanguage'
2024-03-16 09:30:58.769 [info] ExtensionService#_doActivateExtension vscode.git-base, startup: true, activationEvent: '*', root cause: vscode.git
2024-03-16 09:30:58.776 [info] ExtensionService#_doActivateExtension mosapride.zenkaku, startup: true, activationEvent: '*'
2024-03-16 09:30:58.776 [info] ExtensionService#_doActivateExtension oderwat.indent-rainbow, startup: true, activationEvent: '*'
2024-03-16 09:30:58.835 [info] ExtensionService#_doActivateExtension vscode.json-language-features, startup: false, activationEvent: 'onLanguage:jsonc'
2024-03-16 09:30:58.836 [info] ExtensionService#_doActivateExtension vscode.typescript-language-features, startup: false, activationEvent: 'onLanguage:jsonc'
2024-03-16 09:30:59.852 [info] Lock '/home/sachio/.vscode-server/data/User/workspaceStorage/f72b794f076998922e522d9aaf626a3d/vscode.lock': The lock looks stale even after waiting for 2s.
2024-03-16 09:30:59.853 [info] Lock '/home/sachio/.vscode-server/data/User/workspaceStorage/f72b794f076998922e522d9aaf626a3d/vscode.lock': Deleting a stale lock.
2024-03-16 09:31:00.085 [info] Lock '/home/sachio/.vscode-server/data/User/workspaceStorage/f72b794f076998922e522d9aaf626a3d/vscode.lock': Lock acquired.
2024-03-16 09:31:00.447 [info] ExtensionService#_doActivateExtension vscode.git, startup: true, activationEvent: '*'
2024-03-16 09:31:00.447 [info] ExtensionService#_doActivateExtension vscode.github, startup: true, activationEvent: '*'
2024-03-16 09:31:01.458 [info] Eager extensions activated
2024-03-16 09:31:01.458 [info] ExtensionService#_doActivateExtension vscode.debug-auto-launch, startup: false, activationEvent: 'onStartupFinished'
2024-03-16 09:31:01.459 [info] ExtensionService#_doActivateExtension vscode.merge-conflict, startup: false, activationEvent: 'onStartupFinished'
2024-03-16 09:31:01.460 [info] ExtensionService#_doActivateExtension esbenp.prettier-vscode, startup: false, activationEvent: 'onStartupFinished'
2024-03-16 09:31:01.460 [info] ExtensionService#_doActivateExtension ionutvmi.path-autocomplete, startup: false, activationEvent: 'onStartupFinished'
2024-03-16 09:31:01.460 [info] ExtensionService#_doActivateExtension ritwickdey.LiveServer, startup: false, activationEvent: 'onStartupFinished'
2024-03-16 09:31:01.461 [info] ExtensionService#_doActivateExtension shardulm94.trailing-spaces, startup: false, activationEvent: 'onStartupFinished'
2024-03-16 09:31:01.461 [info] ExtensionService#_doActivateExtension streetsidesoftware.code-spell-checker, startup: false, activationEvent: 'onStartupFinished'
2024-03-16 09:33:34.945 [info] ExtensionService#_doActivateExtension vscode.html-language-features, startup: false, activationEvent: 'onLanguage:html'
