2024-03-24 18:50:20.335 [info] ログ レベル: Info
2024-03-24 18:50:20.335 [info] Git の検証が検出されました: "git"
2024-03-24 18:50:20.335 [info] "git" から Git "2.34.1" を使用しています
2024-03-24 18:50:20.335 [info] > git rev-parse --show-toplevel [549ms]
2024-03-24 18:50:20.344 [info] > git rev-parse --show-toplevel [31ms]
2024-03-24 18:50:20.415 [info] > git rev-parse --show-toplevel [32ms]
2024-03-24 18:50:20.445 [info] > git rev-parse --show-toplevel [7ms]
2024-03-24 18:50:20.466 [info] > git rev-parse --show-toplevel [2ms]
2024-03-24 18:50:20.542 [info] > git rev-parse --show-toplevel [67ms]
2024-03-24 18:50:20.557 [info] > git rev-parse --show-toplevel [6ms]
2024-03-24 18:50:35.352 [info] > git rev-parse --show-toplevel [6ms]
2024-03-24 18:51:42.810 [info] > git rev-parse --show-toplevel [8ms]
2024-03-24 18:51:47.393 [info] > git rev-parse --show-toplevel [8ms]
2024-03-24 18:52:04.226 [info] > git rev-parse --show-toplevel [6ms]
2024-03-24 18:52:29.364 [info] > git rev-parse --show-toplevel [6ms]
2024-03-24 20:06:51.209 [info] > git rev-parse --show-toplevel [26ms]
2024-03-24 20:06:59.555 [info] > git rev-parse --show-toplevel [14ms]
2024-03-24 20:07:08.860 [info] > git rev-parse --show-toplevel [26ms]
2024-03-24 20:07:19.282 [info] > git rev-parse --show-toplevel [3ms]
2024-03-24 20:07:30.373 [info] > git rev-parse --show-toplevel [9ms]
2024-03-24 20:07:31.738 [info] > git rev-parse --show-toplevel [6ms]
2024-03-24 20:07:35.355 [info] > git rev-parse --show-toplevel [3ms]
2024-03-24 20:07:38.394 [info] > git rev-parse --show-toplevel [5ms]
2024-03-24 20:07:39.780 [info] > git rev-parse --show-toplevel [12ms]
2024-03-24 20:07:54.087 [info] > git rev-parse --show-toplevel [3ms]
2024-03-24 20:07:59.404 [info] > git rev-parse --show-toplevel [4ms]
2024-03-24 20:08:07.072 [info] > git rev-parse --show-toplevel [3ms]
2024-03-24 20:08:36.891 [info] > git rev-parse --show-toplevel [10ms]
2024-03-24 20:09:01.781 [info] > git rev-parse --show-toplevel [8ms]
2024-03-24 20:09:03.617 [info] > git rev-parse --show-toplevel [2ms]
2024-03-24 20:09:04.483 [info] > git rev-parse --show-toplevel [3ms]
2024-03-24 20:11:18.712 [info] > git rev-parse --show-toplevel [29ms]
2024-03-24 20:13:10.725 [info] > git rev-parse --show-toplevel [6ms]
2024-03-24 20:15:49.263 [info] > git rev-parse --show-toplevel [10ms]
2024-03-24 20:16:29.741 [info] > git rev-parse --show-toplevel [8ms]
2024-03-24 20:16:31.116 [info] > git rev-parse --show-toplevel [5ms]
2024-03-24 20:17:13.878 [info] > git rev-parse --show-toplevel [10ms]
2024-03-24 20:17:20.982 [info] > git rev-parse --show-toplevel [12ms]
2024-03-24 20:17:22.202 [info] > git rev-parse --show-toplevel [5ms]
2024-03-24 20:17:32.803 [info] > git rev-parse --show-toplevel [12ms]
2024-03-24 20:29:10.320 [info] > git rev-parse --show-toplevel [21ms]
2024-03-24 20:29:14.587 [info] > git rev-parse --show-toplevel [4ms]
2024-03-24 20:29:41.881 [info] > git rev-parse --show-toplevel [25ms]
2024-03-24 20:29:48.561 [info] > git rev-parse --show-toplevel [6ms]
2024-03-24 20:29:53.756 [info] > git rev-parse --show-toplevel [11ms]
2024-03-24 20:29:57.859 [info] > git rev-parse --show-toplevel [5ms]
2024-03-24 20:30:06.118 [info] > git rev-parse --show-toplevel [18ms]
2024-03-24 20:35:04.226 [info] > git rev-parse --show-toplevel [3ms]
2024-03-24 20:35:04.252 [info] > git rev-parse --git-dir --git-common-dir [11ms]
2024-03-24 20:35:04.272 [info] Open repository: /home/sachio/coachtech/html-css/20240323_okuizumi_html
2024-03-24 20:35:04.313 [info] No remotes found in the git config file.
2024-03-24 20:35:04.334 [info] > git config --get commit.template [43ms]
2024-03-24 20:35:04.354 [info] > git for-each-ref --format=%(refname)%00%(upstream:short)%00%(objectname)%00%(upstream:track)%00%(upstream:remotename)%00%(upstream:remoteref) refs/heads/master refs/remotes/master [44ms]
2024-03-24 20:35:04.358 [warning] No such branch: master.
2024-03-24 20:35:04.405 [info] > git status -z -uall [34ms]
2024-03-24 20:35:04.406 [info] > git log --format=%H%n%aN%n%aE%n%at%n%ct%n%P%n%D%n%B -z -n120 --follow -- /home/sachio/coachtech/html-css/20240323_okuizumi_html/index.html [4ms]
2024-03-24 20:35:04.406 [info] fatal: your current branch 'master' does not have any commits yet
2024-03-24 20:35:04.485 [info] No remotes found in the git config file.
2024-03-24 20:35:04.566 [info] > git config --get commit.template [97ms]
2024-03-24 20:35:04.616 [info] > git for-each-ref --format=%(refname)%00%(upstream:short)%00%(objectname)%00%(upstream:track)%00%(upstream:remotename)%00%(upstream:remoteref) refs/heads/master refs/remotes/master [130ms]
2024-03-24 20:35:04.616 [warning] No such branch: master.
2024-03-24 20:35:04.627 [info] > git status -z -uall [1ms]
2024-03-24 20:35:04.791 [info] > git log --format=%H%n%aN%n%aE%n%at%n%ct%n%P%n%D%n%B -z -n120 --follow -- /home/sachio/coachtech/html-css/20240323_okuizumi_html/index.html [1ms]
2024-03-24 20:35:04.791 [info] fatal: your current branch 'master' does not have any commits yet
2024-03-24 20:35:04.910 [info] > git check-ignore -v -z --stdin [40ms]
2024-03-24 20:35:04.911 [info] > git show --textconv :index.html [27ms]
2024-03-24 20:35:04.911 [info] > git ls-files --stage -- /home/sachio/coachtech/html-css/20240323_okuizumi_html/index.html [9ms]
2024-03-24 20:38:24.734 [info] > git log --format=%H%n%aN%n%aE%n%at%n%ct%n%P%n%D%n%B -z -n120 --follow -- /home/sachio/coachtech/html-css/20240323_okuizumi_html/index.html [21ms]
2024-03-24 20:38:25.177 [info] > git check-ignore -v -z --stdin [2ms]
2024-03-24 20:41:33.036 [info] > git log --format=%H%n%aN%n%aE%n%at%n%ct%n%P%n%D%n%B -z -n120 --follow -- /home/sachio/coachtech/html-css/20240323_okuizumi_html/index.html [11ms]
2024-03-24 20:43:06.312 [info] > git rev-list --count 1f495800561d8dc502588d6e950138a19b899386.. -- /home/sachio/coachtech/html-css/20240323_okuizumi_html/index.html [21ms]
2024-03-24 20:43:06.337 [info] > git log --format=%H%n%aN%n%aE%n%at%n%ct%n%P%n%D%n%B -z -n2 --follow -- /home/sachio/coachtech/html-css/20240323_okuizumi_html/index.html [11ms]
2024-03-24 20:43:34.730 [info] > git log --format=%H%n%aN%n%aE%n%at%n%ct%n%P%n%D%n%B -z -n120 --follow -- /home/sachio/coachtech/html-css/20240323_okuizumi_html/index.html [2ms]
2024-03-24 20:45:06.768 [info] > git log --format=%H%n%aN%n%aE%n%at%n%ct%n%P%n%D%n%B -z -n120 --follow -- /home/sachio/coachtech/html-css/20240323_okuizumi_html/index.html [2ms]
2024-03-24 20:48:15.894 [info] > git rev-list --count b9402fffb4e3dae2a90904a5b8d4396f65abdf8a.. -- /home/sachio/coachtech/html-css/20240323_okuizumi_html/index.html [3ms]
2024-03-24 20:48:15.918 [info] > git log --format=%H%n%aN%n%aE%n%at%n%ct%n%P%n%D%n%B -z -n2 --follow -- /home/sachio/coachtech/html-css/20240323_okuizumi_html/index.html [8ms]
2024-03-24 21:07:25.613 [info] > git config --get commit.template [26ms]
2024-03-24 21:07:25.630 [info] > git ls-files --stage -- /home/sachio/coachtech/html-css/20240323_okuizumi_html/index.html [36ms]
2024-03-24 21:07:25.663 [info] > git for-each-ref --format=%(refname)%00%(upstream:short)%00%(objectname)%00%(upstream:track)%00%(upstream:remotename)%00%(upstream:remoteref) refs/heads/main refs/remotes/main [31ms]
2024-03-24 21:07:25.691 [info] > git cat-file -s 31d3907f004bde1a2d621a253e50a1dc364381b5 [37ms]
2024-03-24 21:07:25.694 [info] > git status -z -uall [14ms]
2024-03-24 21:07:25.823 [info] > git show --textconv :index.html [32ms]
2024-03-24 21:07:30.798 [info] > git config --get commit.template [17ms]
2024-03-24 21:07:30.799 [info] > git for-each-ref --format=%(refname)%00%(upstream:short)%00%(objectname)%00%(upstream:track)%00%(upstream:remotename)%00%(upstream:remoteref) refs/heads/main refs/remotes/main [3ms]
2024-03-24 21:07:30.813 [info] > git status -z -uall [4ms]
2024-03-24 21:22:11.706 [info] > git for-each-ref --format=%(refname)%00%(upstream:short)%00%(objectname)%00%(upstream:track)%00%(upstream:remotename)%00%(upstream:remoteref) refs/heads/main refs/remotes/main [1ms]
2024-03-24 21:22:11.707 [info] > git config --get commit.template [18ms]
2024-03-24 21:22:11.719 [info] > git status -z -uall [3ms]
2024-03-24 21:22:20.959 [info] > git config --get commit.template [13ms]
2024-03-24 21:22:20.975 [info] > git for-each-ref --format=%(refname)%00%(upstream:short)%00%(objectname)%00%(upstream:track)%00%(upstream:remotename)%00%(upstream:remoteref) refs/heads/main refs/remotes/main [2ms]
2024-03-24 21:22:20.993 [info] > git status -z -uall [2ms]
2024-03-24 21:25:16.865 [info] > git config --get commit.template [3ms]
2024-03-24 21:25:16.877 [info] > git for-each-ref --format=%(refname)%00%(upstream:short)%00%(objectname)%00%(upstream:track)%00%(upstream:remotename)%00%(upstream:remoteref) refs/heads/main refs/remotes/main [1ms]
2024-03-24 21:25:16.891 [info] > git status -z -uall [3ms]
2024-03-24 21:25:50.684 [info] > git config --get commit.template [2ms]
2024-03-24 21:25:50.696 [info] > git for-each-ref --format=%(refname)%00%(upstream:short)%00%(objectname)%00%(upstream:track)%00%(upstream:remotename)%00%(upstream:remoteref) refs/heads/main refs/remotes/main [2ms]
2024-03-24 21:25:50.708 [info] > git status -z -uall [2ms]
2024-03-24 21:25:55.764 [info] > git for-each-ref --format=%(refname)%00%(upstream:short)%00%(objectname)%00%(upstream:track)%00%(upstream:remotename)%00%(upstream:remoteref) refs/heads/main refs/remotes/main [2ms]
2024-03-24 21:25:55.765 [info] > git config --get commit.template [19ms]
2024-03-24 21:25:55.776 [info] > git status -z -uall [1ms]
2024-03-24 21:26:00.801 [info] > git config --get commit.template [1ms]
2024-03-24 21:26:00.811 [info] > git for-each-ref --format=%(refname)%00%(upstream:short)%00%(objectname)%00%(upstream:track)%00%(upstream:remotename)%00%(upstream:remoteref) refs/heads/main refs/remotes/main [1ms]
2024-03-24 21:26:00.825 [info] > git status -z -uall [1ms]
2024-03-24 21:27:19.477 [info] > git config --get commit.template [21ms]
2024-03-24 21:27:19.478 [info] > git for-each-ref --format=%(refname)%00%(upstream:short)%00%(objectname)%00%(upstream:track)%00%(upstream:remotename)%00%(upstream:remoteref) refs/heads/main refs/remotes/main [3ms]
2024-03-24 21:27:19.496 [info] > git status -z -uall [2ms]
2024-03-24 21:27:24.545 [info] > git config --get commit.template [4ms]
2024-03-24 21:27:24.555 [info] > git for-each-ref --format=%(refname)%00%(upstream:short)%00%(objectname)%00%(upstream:track)%00%(upstream:remotename)%00%(upstream:remoteref) refs/heads/main refs/remotes/main [1ms]
2024-03-24 21:27:24.565 [info] > git status -z -uall [1ms]
2024-03-24 21:27:29.589 [info] > git config --get commit.template [2ms]
2024-03-24 21:27:29.602 [info] > git for-each-ref --format=%(refname)%00%(upstream:short)%00%(objectname)%00%(upstream:track)%00%(upstream:remotename)%00%(upstream:remoteref) refs/heads/main refs/remotes/main [2ms]
2024-03-24 21:27:29.614 [info] > git status -z -uall [1ms]
2024-03-24 21:27:47.219 [info] > git config --get commit.template [2ms]
2024-03-24 21:27:47.233 [info] > git for-each-ref --format=%(refname)%00%(upstream:short)%00%(objectname)%00%(upstream:track)%00%(upstream:remotename)%00%(upstream:remoteref) refs/heads/main refs/remotes/main [1ms]
2024-03-24 21:27:47.249 [info] > git status -z -uall [2ms]
2024-03-24 21:29:11.899 [info] > git config --get commit.template [15ms]
2024-03-24 21:29:11.900 [info] > git for-each-ref --format=%(refname)%00%(upstream:short)%00%(objectname)%00%(upstream:track)%00%(upstream:remotename)%00%(upstream:remoteref) refs/heads/main refs/remotes/main [3ms]
2024-03-24 21:29:11.918 [info] > git status -z -uall [2ms]
2024-03-24 21:29:17.849 [info] > git config --get commit.template [1ms]
2024-03-24 21:29:17.862 [info] > git for-each-ref --format=%(refname)%00%(upstream:short)%00%(objectname)%00%(upstream:track)%00%(upstream:remotename)%00%(upstream:remoteref) refs/heads/main refs/remotes/main [1ms]
2024-03-24 21:29:17.878 [info] > git status -z -uall [2ms]
2024-03-24 21:41:26.943 [info] > git config --get commit.template [14ms]
2024-03-24 21:41:26.944 [info] > git for-each-ref --format=%(refname)%00%(upstream:short)%00%(objectname)%00%(upstream:track)%00%(upstream:remotename)%00%(upstream:remoteref) refs/heads/main refs/remotes/main [3ms]
2024-03-24 21:41:26.957 [info] > git status -z -uall [2ms]
2024-03-24 21:41:34.250 [info] > git config --get commit.template [2ms]
2024-03-24 21:41:34.260 [info] > git for-each-ref --format=%(refname)%00%(upstream:short)%00%(objectname)%00%(upstream:track)%00%(upstream:remotename)%00%(upstream:remoteref) refs/heads/main refs/remotes/main [1ms]
2024-03-24 21:41:34.271 [info] > git status -z -uall [1ms]
2024-03-24 21:41:39.328 [info] > git config --get commit.template [18ms]
2024-03-24 21:41:39.329 [info] > git for-each-ref --format=%(refname)%00%(upstream:short)%00%(objectname)%00%(upstream:track)%00%(upstream:remotename)%00%(upstream:remoteref) refs/heads/main refs/remotes/main [2ms]
2024-03-24 21:41:39.341 [info] > git status -z -uall [2ms]
